 Node Depth Head Moisture K C Flux Sink Kappa v/KsTop Temp Conc(1..NS) Sorb(1...NS)
 1 0.0000 0.000 0.4300 0.2496E+02 0.0000E+00 -0.2496E+01 0.0000E+00 -1 -0.100E+00 20.00 0.0000E+00 0.0000E+00
 2 -20.0000 0.000 0.4300 0.2496E+02 0.0000E+00 -0.2496E+01 0.0000E+00 -1 -0.100E+00 20.00 0.0000E+00 0.0000E+00
 3 -40.0000 0.000 0.4300 0.2496E+02 0.0000E+00 -0.2496E+01 0.0000E+00 -1 -0.100E+00 20.00 0.0000E+00 0.0000E+00
 4 -60.0000 0.000 0.4300 0.2496E+02 0.0000E+00 -0.2496E+01 0.0000E+00 -1 -0.100E+00 20.00 0.0000E+00 0.0000E+00
 5 -80.0000 0.000 0.4300 0.2496E+02 0.0000E+00 -0.2496E+01 0.0000E+00 -1 -0.100E+00 20.00 0.0000E+00 0.0000E+00
 6 -100.0000 0.000 0.4300 0.2496E+02 0.0000E+00 -0.2496E+01 0.0000E+00 -1 -0.100E+00 20.00 0.0000E+00 0.0000E+00
 7 -120.0000 0.000 0.4300 0.2496E+02 0.0000E+00 -0.2496E+01 0.0000E+00 -1 -0.100E+00 20.00 0.0000E+00 0.0000E+00
 8 -140.0000 0.000 0.4300 0.2496E+02 0.0000E+00 -0.2496E+01 0.0000E+00 -1 -0.100E+00 20.00 0.0000E+00 0.0000E+00
 9 -160.0000 0.000 0.4300 0.2496E+02 0.0000E+00 -0.2496E+01 0.0000E+00 -1 -0.100E+00 20.00 0.0000E+00 0.0000E+00
 10 -180.0000 0.000 0.4300 0.2496E+02 0.0000E+00 -0.2496E+01 0.0000E+00 -1 -0.100E+00 20.00 0.0000E+00 0.0000E+00
 11 -200.0000 0.000 0.4300 0.2496E+02 0.0000E+00 -0.2496E+01 0.0000E+00 -1 -0.100E+00 20.00 0.0000E+00 0.0000E+00
 12 -220.0000 0.000 0.4300 0.2496E+02 0.0000E+00 -0.2496E+01 0.0000E+00 -1 -0.100E+00 20.00 0.0000E+00 0.0000E+00
 13 -240.0000 0.000 0.4300 0.2496E+02 0.0000E+00 -0.2496E+01 0.0000E+00 -1 -0.100E+00 20.00 0.0000E+00 0.0000E+00
 14 -260.0000 0.000 0.4300 0.2496E+02 0.0000E+00 -0.2496E+01 0.0000E+00 -1 -0.100E+00 20.00 0.0000E+00 0.0000E+00
 15 -280.0000 0.000 0.4300 0.2496E+02 0.0000E+00 -0.2496E+01 0.0000E+00 -1 -0.100E+00 20.00 0.0000E+00 0.0000E+00
 16 -300.0000 0.000 0.4300 0.2496E+02 0.0000E+00 -0.2496E+01 0.0000E+00 -1 -0.100E+00 20.00 0.0000E+00 0.0000E+00
 17 -320.0000 0.000 0.4300 0.2496E+02 0.0000E+00 -0.2496E+01 0.0000E+00 -1 -0.100E+00 20.00 0.0000E+00 0.0000E+00
 18 -340.0000 0.000 0.4300 0.2496E+02 0.0000E+00 -0.2496E+01 0.0000E+00 -1 -0.100E+00 20.00 0.0000E+00 0.0000E+00
 19 -360.0000 0.000 0.4300 0.2496E+02 0.0000E+00 -0.2496E+01 0.0000E+00 -1 -0.100E+00 20.00 0.0000E+00 0.0000E+00
 20 -380.0000 0.000 0.4300 0.2496E+02 0.0000E+00 -0.2496E+01 0.0000E+00 -1 -0.100E+00 20.00 0.0000E+00 0.0000E+00
 21 -400.0000 0.000 0.4300 0.2496E+02 0.0000E+00 -0.2496E+01 0.0000E+00 -1 -0.100E+00 20.00 0.0000E+00 0.0000E+00
 22 -420.0000 0.000 0.4300 0.2496E+02 0.0000E+00 -0.2496E+01 0.0000E+00 -1 -0.100E+00 20.00 0.0000E+00 0.0000E+00
 23 -440.0000 0.000 0.4300 0.2496E+02 0.0000E+00 -0.2496E+01 0.0000E+00 -1 -0.100E+00 20.00 0.0000E+00 0.0000E+00
 24 -460.0000 0.000 0.4300 0.2496E+02 0.0000E+00 -0.2496E+01 0.0000E+00 -1 -0.100E+00 20.00 0.0000E+00 0.0000E+00
 25 -480.0000 0.000 0.4300 0.2496E+02 0.0000E+00 -0.2496E+01 0.0000E+00 -1 -0.100E+00 20.00 0.0000E+00 0.0000E+00
 26 -500.0000 0.000 0.4300 0.2496E+02 0.0000E+00 -0.2496E+01 0.0000E+00 -1 -0.100E+00 20.00 0.0000E+00 0.0000E+00
 27 -520.0000 0.000 0.4300 0.2496E+02 0.0000E+00 -0.2496E+01 0.0000E+00 -1 -0.100E+00 20.00 0.0000E+00 0.0000E+00
 28 -540.0000 0.000 0.4300 0.2496E+02 0.0000E+00 -0.2496E+01 0.0000E+00 -1 -0.100E+00 20.00 0.0000E+00 0.0000E+00
 29 -560.0000 0.000 0.4300 0.2496E+02 0.0000E+00 -0.2496E+01 0.0000E+00 -1 -0.100E+00 20.00 0.0000E+00 0.0000E+00
 30 -580.0000 0.000 0.4300 0.2496E+02 0.0000E+00 -0.2496E+01 0.0000E+00 -1 -0.100E+00 20.00 0.0000E+00 0.0000E+00
 31 -600.0000 0.000 0.4300 0.2496E+02 0.0000E+00 -0.2496E+01 0.0000E+00 -1 -0.100E+00 20.00 0.0000E+00 0.0000E+00
 32 -620.0000 0.000 0.4300 0.2496E+02 0.0000E+00 -0.2496E+01 0.0000E+00 -1 -0.100E+00 20.00 0.0000E+00 0.0000E+00
 33 -640.0000 0.000 0.4300 0.2496E+02 0.0000E+00 -0.2496E+01 0.0000E+00 -1 -0.100E+00 20.00 0.0000E+00 0.0000E+00
 34 -660.0000 0.000 0.4300 0.2496E+02 0.0000E+00 -0.2496E+01 0.0000E+00 -1 -0.100E+00 20.00 0.0000E+00 0.0000E+00
 35 -680.0000 0.000 0.4300 0.2496E+02 0.0000E+00 -0.2496E+01 0.0000E+00 -1 -0.100E+00 20.00 0.0000E+00 0.0000E+00
 36 -700.0000 0.000 0.4300 0.2496E+02 0.0000E+00 -0.2496E+01 0.0000E+00 -1 -0.100E+00 20.00 0.0000E+00 0.0000E+00
 37 -720.0000 0.000 0.4300 0.2496E+02 0.0000E+00 -0.2496E+01 0.0000E+00 -1 -0.100E+00 20.00 0.0000E+00 0.0000E+00
 38 -740.0000 0.000 0.4300 0.2496E+02 0.0000E+00 -0.2496E+01 0.0000E+00 -1 -0.100E+00 20.00 0.0000E+00 0.0000E+00
 39 -760.0000 0.000 0.4300 0.2496E+02 0.0000E+00 -0.2496E+01 0.0000E+00 -1 -0.100E+00 20.00 0.0000E+00 0.0000E+00
 40 -780.0000 0.000 0.4300 0.2496E+02 0.0000E+00 -0.4524E+01 0.0000E+00 -1 -0.181E+00 20.00 0.0000E+00 0.0000E+00
 41 -800.0000 0.000 0.4100 0.1061E+03 0.0000E+00 -0.8582E+01 0.0000E+00 -1 -0.344E+00 20.00 0.0000E+00 0.0000E+00
 42 -820.0000 0.000 0.4100 0.1061E+03 0.0000E+00 -0.1061E+02 0.0000E+00 -1 -0.425E+00 20.00 0.0000E+00 0.0000E+00
 43 -840.0000 0.000 0.4100 0.1061E+03 0.0000E+00 -0.1061E+02 0.0000E+00 -1 -0.425E+00 20.00 0.0000E+00 0.0000E+00
 44 -860.0000 0.000 0.4100 0.1061E+03 0.0000E+00 -0.1061E+02 0.0000E+00 -1 -0.425E+00 20.00 0.0000E+00 0.0000E+00
 45 -880.0000 0.000 0.4100 0.1061E+03 0.0000E+00 -0.1061E+02 0.0000E+00 -1 -0.425E+00 20.00 0.0000E+00 0.0000E+00
 46 -900.0000 0.000 0.4100 0.1061E+03 0.0000E+00 -0.1061E+02 0.0000E+00 -1 -0.425E+00 20.00 0.0000E+00 0.0000E+00
 47 -920.0000 0.000 0.4100 0.1061E+03 0.0000E+00 -0.1061E+02 0.0000E+00 -1 -0.425E+00 20.00 0.0000E+00 0.0000E+00
 48 -940.0000 0.000 0.4100 0.1061E+03 0.0000E+00 -0.1061E+02 0.0000E+00 -1 -0.425E+00 20.00 0.0000E+00 0.0000E+00
 49 -960.0000 0.000 0.4100 0.1061E+03 0.0000E+00 -0.1061E+02 0.0000E+00 -1 -0.425E+00 20.00 0.0000E+00 0.0000E+00
 50 -980.0000 0.000 0.4100 0.1061E+03 0.0000E+00 -0.1061E+02 0.0000E+00 -1 -0.425E+00 20.00 0.0000E+00 0.0000E+00
 51 -1000.0000 0.000 0.4100 0.1061E+03 0.0000E+00 -0.1061E+02 0.0000E+00 -1 -0.425E+00 20.00 0.0000E+00 0.0000E+00
 52 -1020.0000 0.000 0.4100 0.1061E+03 0.0000E+00 -0.1061E+02 0.0000E+00 -1 -0.425E+00 20.00 0.0000E+00 0.0000E+00
 53 -1040.0000 0.000 0.4100 0.1061E+03 0.0000E+00 -0.1061E+02 0.0000E+00 -1 -0.425E+00 20.00 0.0000E+00 0.0000E+00
 54 -1060.0000 0.000 0.4100 0.1061E+03 0.0000E+00 -0.1061E+02 0.0000E+00 -1 -0.425E+00 20.00 0.0000E+00 0.0000E+00
 55 -1080.0000 0.000 0.4100 0.1061E+03 0.0000E+00 -0.1061E+02 0.0000E+00 -1 -0.425E+00 20.00 0.0000E+00 0.0000E+00
 56 -1100.0000 0.000 0.4100 0.1061E+03 0.0000E+00 -0.1061E+02 0.0000E+00 -1 -0.425E+00 20.00 0.0000E+00 0.0000E+00
 57 -1120.0000 0.000 0.4100 0.1061E+03 0.0000E+00 -0.1061E+02 0.0000E+00 -1 -0.425E+00 20.00 0.0000E+00 0.0000E+00
 58 -1140.0000 0.000 0.4100 0.1061E+03 0.0000E+00 -0.1061E+02 0.0000E+00 -1 -0.425E+00 20.00 0.0000E+00 0.0000E+00
 59 -1160.0000 0.000 0.4100 0.1061E+03 0.0000E+00 -0.1061E+02 0.0000E+00 -1 -0.425E+00 20.00 0.0000E+00 0.0000E+00
 60 -1180.0000 0.000 0.4100 0.1061E+03 0.0000E+00 -0.1061E+02 0.0000E+00 -1 -0.425E+00 20.00 0.0000E+00 0.0000E+00
 61 -1200.0000 0.000 0.4100 0.1061E+03 0.0000E+00 -0.8582E+01 0.0000E+00 -1 -0.344E+00 20.00 0.0000E+00 0.0000E+00
 62 -1220.0000 0.000 0.4300 0.2496E+02 0.0000E+00 -0.4524E+01 0.0000E+00 -1 -0.181E+00 20.00 0.0000E+00 0.0000E+00
 63 -1240.0000 0.000 0.4300 0.2496E+02 0.0000E+00 -0.2496E+01 0.0000E+00 -1 -0.100E+00 20.00 0.0000E+00 0.0000E+00
 64 -1260.0000 0.000 0.4300 0.2496E+02 0.0000E+00 -0.2496E+01 0.0000E+00 -1 -0.100E+00 20.00 0.0000E+00 0.0000E+00
 65 -1280.0000 0.000 0.4300 0.2496E+02 0.0000E+00 -0.2496E+01 0.0000E+00 -1 -0.100E+00 20.00 0.0000E+00 0.0000E+00
 66 -1300.0000 0.000 0.4300 0.2496E+02 0.0000E+00 -0.2496E+01 0.0000E+00 -1 -0.100E+00 20.00 0.0000E+00 0.0000E+00
 67 -1320.0000 0.000 0.4300 0.2496E+02 0.0000E+00 -0.2496E+01 0.0000E+00 -1 -0.100E+00 20.00 0.0000E+00 0.0000E+00
 68 -1340.0000 0.000 0.4300 0.2496E+02 0.0000E+00 -0.2496E+01 0.0000E+00 -1 -0.100E+00 20.00 0.0000E+00 0.0000E+00
 69 -1360.0000 0.000 0.4300 0.2496E+02 0.0000E+00 -0.2496E+01 0.0000E+00 -1 -0.100E+00 20.00 0.0000E+00 0.0000E+00
 70 -1380.0000 0.000 0.4300 0.2496E+02 0.0000E+00 -0.2496E+01 0.0000E+00 -1 -0.100E+00 20.00 0.0000E+00 0.0000E+00
 71 -1400.0000 0.000 0.4300 0.2496E+02 0.0000E+00 -0.2496E+01 0.0000E+00 -1 -0.100E+00 20.00 0.0000E+00 0.0000E+00
 72 -1420.0000 0.000 0.4300 0.2496E+02 0.0000E+00 -0.2496E+01 0.0000E+00 -1 -0.100E+00 20.00 0.0000E+00 0.0000E+00
 73 -1440.0000 0.000 0.4300 0.2496E+02 0.0000E+00 -0.2496E+01 0.0000E+00 -1 -0.100E+00 20.00 0.0000E+00 0.0000E+00
 74 -1460.0000 0.000 0.4300 0.2496E+02 0.0000E+00 -0.2496E+01 0.0000E+00 -1 -0.100E+00 20.00 0.0000E+00 0.0000E+00
 75 -1480.0000 0.000 0.4300 0.2496E+02 0.0000E+00 -0.2496E+01 0.0000E+00 -1 -0.100E+00 20.00 0.0000E+00 0.0000E+00
 76 -1500.0000 0.000 0.4300 0.2496E+02 0.0000E+00 -0.2496E+01 0.0000E+00 -1 -0.100E+00 20.00 0.0000E+00 0.0000E+00
 77 -1520.0000 0.000 0.4300 0.2496E+02 0.0000E+00 -0.2496E+01 0.0000E+00 -1 -0.100E+00 20.00 0.0000E+00 0.0000E+00
 78 -1540.0000 0.000 0.4300 0.2496E+02 0.0000E+00 -0.2496E+01 0.0000E+00 -1 -0.100E+00 20.00 0.0000E+00 0.0000E+00
 79 -1560.0000 0.000 0.4300 0.2496E+02 0.0000E+00 -0.2496E+01 0.0000E+00 -1 -0.100E+00 20.00 0.0000E+00 0.0000E+00
 80 -1580.0000 0.000 0.4300 0.2496E+02 0.0000E+00 -0.2496E+01 0.0000E+00 -1 -0.100E+00 20.00 0.0000E+00 0.0000E+00
 81 -1600.0000 0.000 0.4300 0.2496E+02 0.0000E+00 -0.2496E+01 0.0000E+00 -1 -0.100E+00 20.00 0.0000E+00 0.0000E+00
 82 -1620.0000 0.000 0.4300 0.2496E+02 0.0000E+00 -0.2496E+01 0.0000E+00 -1 -0.100E+00 20.00 0.0000E+00 0.0000E+00
 83 -1640.0000 0.000 0.4300 0.2496E+02 0.0000E+00 -0.2496E+01 0.0000E+00 -1 -0.100E+00 20.00 0.0000E+00 0.0000E+00
 84 -1660.0000 0.000 0.4300 0.2496E+02 0.0000E+00 -0.2496E+01 0.0000E+00 -1 -0.100E+00 20.00 0.0000E+00 0.0000E+00
 85 -1680.0000 0.000 0.4300 0.2496E+02 0.0000E+00 -0.2496E+01 0.0000E+00 -1 -0.100E+00 20.00 0.0000E+00 0.0000E+00
 86 -1700.0000 0.000 0.4300 0.2496E+02 0.0000E+00 -0.2496E+01 0.0000E+00 -1 -0.100E+00 20.00 0.0000E+00 0.0000E+00
 87 -1720.0000 0.000 0.4300 0.2496E+02 0.0000E+00 -0.2496E+01 0.0000E+00 -1 -0.100E+00 20.00 0.0000E+00 0.0000E+00
 88 -1740.0000 0.000 0.4300 0.2496E+02 0.0000E+00 -0.2496E+01 0.0000E+00 -1 -0.100E+00 20.00 0.0000E+00 0.0000E+00
 89 -1760.0000 0.000 0.4300 0.2496E+02 0.0000E+00 -0.2496E+01 0.0000E+00 -1 -0.100E+00 20.00 0.0000E+00 0.0000E+00
 90 -1780.0000 0.000 0.4300 0.2496E+02 0.0000E+00 -0.2496E+01 0.0000E+00 -1 -0.100E+00 20.00 0.0000E+00 0.0000E+00
 91 -1800.0000 0.000 0.4300 0.2496E+02 0.0000E+00 -0.2496E+01 0.0000E+00 -1 -0.100E+00 20.00 0.0000E+00 0.0000E+00
 92 -1820.0000 0.000 0.4300 0.2496E+02 0.0000E+00 -0.2496E+01 0.0000E+00 -1 -0.100E+00 20.00 0.0000E+00 0.0000E+00
 93 -1840.0000 0.000 0.4300 0.2496E+02 0.0000E+00 -0.2496E+01 0.0000E+00 -1 -0.100E+00 20.00 0.0000E+00 0.0000E+00
 94 -1860.0000 0.000 0.4300 0.2496E+02 0.0000E+00 -0.2496E+01 0.0000E+00 -1 -0.100E+00 20.00 0.0000E+00 0.0000E+00
 95 -1880.0000 0.000 0.4300 0.2496E+02 0.0000E+00 -0.2496E+01 0.0000E+00 -1 -0.100E+00 20.00 0.0000E+00 0.0000E+00
 96 -1900.0000 0.000 0.4300 0.2496E+02 0.0000E+00 -0.2496E+01 0.0000E+00 -1 -0.100E+00 20.00 0.0000E+00 0.0000E+00
 97 -1920.0000 0.000 0.4300 0.2496E+02 0.0000E+00 -0.2496E+01 0.0000E+00 -1 -0.100E+00 20.00 0.0000E+00 0.0000E+00
 98 -1940.0000 0.000 0.4300 0.2496E+02 0.0000E+00 -0.2496E+01 0.0000E+00 -1 -0.100E+00 20.00 0.0000E+00 0.0000E+00
 99 -1960.0000 0.000 0.4300 0.2496E+02 0.0000E+00 -0.2496E+01 0.0000E+00 -1 -0.100E+00 20.00 0.0000E+00 0.0000E+00
 100 -1980.0000 0.000 0.4300 0.2496E+02 0.0000E+00 -0.2496E+01 0.0000E+00 -1 -0.100E+00 20.00 0.0000E+00 0.0000E+00
 101 -2000.0000 0.000 0.4300 0.2496E+02 0.0000E+00 -0.2496E+01 0.0000E+00 -1 -0.100E+00 20.00 0.0000E+00 0.0000E+00
 1 0.0000 0.000 0.4300 0.2496E+02 0.0000E+00 -0.2496E+01 0.0000E+00 -1 -0.100E+00 20.00 0.2247E-08 0.0000E+00
 2 -20.0000 0.000 0.4300 0.2496E+02 0.0000E+00 -0.2496E+01 0.0000E+00 -1 -0.100E+00 20.00 0.5497E-07 0.0000E+00
 3 -40.0000 0.000 0.4300 0.2496E+02 0.0000E+00 -0.2496E+01 0.0000E+00 -1 -0.100E+00 20.00 0.3918E-06 0.0000E+00
 4 -60.0000 0.000 0.4300 0.2496E+02 0.0000E+00 -0.2496E+01 0.0000E+00 -1 -0.100E+00 20.00 0.1930E-05 0.0000E+00
 5 -80.0000 0.000 0.4300 0.2496E+02 0.0000E+00 -0.2496E+01 0.0000E+00 -1 -0.100E+00 20.00 0.7474E-05 0.0000E+00
 6 -100.0000 0.000 0.4300 0.2496E+02 0.0000E+00 -0.2496E+01 0.0000E+00 -1 -0.100E+00 20.00 0.2399E-04 0.0000E+00
 7 -120.0000 0.000 0.4300 0.2496E+02 0.0000E+00 -0.2496E+01 0.0000E+00 -1 -0.100E+00 20.00 0.6581E-04 0.0000E+00
 8 -140.0000 0.000 0.4300 0.2496E+02 0.0000E+00 -0.2496E+01 0.0000E+00 -1 -0.100E+00 20.00 0.1574E-03 0.0000E+00
 9 -160.0000 0.000 0.4300 0.2496E+02 0.0000E+00 -0.2496E+01 0.0000E+00 -1 -0.100E+00 20.00 0.3336E-03 0.0000E+00
 10 -180.0000 0.000 0.4300 0.2496E+02 0.0000E+00 -0.2496E+01 0.0000E+00 -1 -0.100E+00 20.00 0.6347E-03 0.0000E+00
 11 -200.0000 0.000 0.4300 0.2496E+02 0.0000E+00 -0.2496E+01 0.0000E+00 -1 -0.100E+00 20.00 0.1095E-02 0.0000E+00
 12 -220.0000 0.000 0.4300 0.2496E+02 0.0000E+00 -0.2496E+01 0.0000E+00 -1 -0.100E+00 20.00 0.1732E-02 0.0000E+00
 13 -240.0000 0.000 0.4300 0.2496E+02 0.0000E+00 -0.2496E+01 0.0000E+00 -1 -0.100E+00 20.00 0.2531E-02 0.0000E+00
 14 -260.0000 0.000 0.4300 0.2496E+02 0.0000E+00 -0.2496E+01 0.0000E+00 -1 -0.100E+00 20.00 0.3443E-02 0.0000E+00
 15 -280.0000 0.000 0.4300 0.2496E+02 0.0000E+00 -0.2496E+01 0.0000E+00 -1 -0.100E+00 20.00 0.4391E-02 0.0000E+00
 16 -300.0000 0.000 0.4300 0.2496E+02 0.0000E+00 -0.2496E+01 0.0000E+00 -1 -0.100E+00 20.00 0.5284E-02 0.0000E+00
 17 -320.0000 0.000 0.4300 0.2496E+02 0.0000E+00 -0.2496E+01 0.0000E+00 -1 -0.100E+00 20.00 0.6032E-02 0.0000E+00
 18 -340.0000 0.000 0.4300 0.2496E+02 0.0000E+00 -0.2496E+01 0.0000E+00 -1 -0.100E+00 20.00 0.6566E-02 0.0000E+00
 19 -360.0000 0.000 0.4300 0.2496E+02 0.0000E+00 -0.2496E+01 0.0000E+00 -1 -0.100E+00 20.00 0.6843E-02 0.0000E+00
 20 -380.0000 0.000 0.4300 0.2496E+02 0.0000E+00 -0.2496E+01 0.0000E+00 -1 -0.100E+00 20.00 0.6852E-02 0.0000E+00
 21 -400.0000 0.000 0.4300 0.2496E+02 0.0000E+00 -0.2496E+01 0.0000E+00 -1 -0.100E+00 20.00 0.6612E-02 0.0000E+00
 22 -420.0000 0.000 0.4300 0.2496E+02 0.0000E+00 -0.2496E+01 0.0000E+00 -1 -0.100E+00 20.00 0.6162E-02 0.0000E+00
 23 -440.0000 0.000 0.4300 0.2496E+02 0.0000E+00 -0.2496E+01 0.0000E+00 -1 -0.100E+00 20.00 0.5558E-02 0.0000E+00
 24 -460.0000 0.000 0.4300 0.2496E+02 0.0000E+00 -0.2496E+01 0.0000E+00 -1 -0.100E+00 20.00 0.4857E-02 0.0000E+00
 25 -480.0000 0.000 0.4300 0.2496E+02 0.0000E+00 -0.2496E+01 0.0000E+00 -1 -0.100E+00 20.00 0.4117E-02 0.0000E+00
 26 -500.0000 0.000 0.4300 0.2496E+02 0.0000E+00 -0.2496E+01 0.0000E+00 -1 -0.100E+00 20.00 0.3389E-02 0.0000E+00
 27 -520.0000 0.000 0.4300 0.2496E+02 0.0000E+00 -0.2496E+01 0.0000E+00 -1 -0.100E+00 20.00 0.2710E-02 0.0000E+00
 28 -540.0000 0.000 0.4300 0.2496E+02 0.0000E+00 -0.2496E+01 0.0000E+00 -1 -0.100E+00 20.00 0.2107E-02 0.0000E+00
 29 -560.0000 0.000 0.4300 0.2496E+02 0.0000E+00 -0.2496E+01 0.0000E+00 -1 -0.100E+00 20.00 0.1593E-02 0.0000E+00
 30 -580.0000 0.000 0.4300 0.2496E+02 0.0000E+00 -0.2496E+01 0.0000E+00 -1 -0.100E+00 20.00 0.1173E-02 0.0000E+00
 31 -600.0000 0.000 0.4300 0.2496E+02 0.0000E+00 -0.2496E+01 0.0000E+00 -1 -0.100E+00 20.00 0.8405E-03 0.0000E+00
 32 -620.0000 0.000 0.4300 0.2496E+02 0.0000E+00 -0.2496E+01 0.0000E+00 -1 -0.100E+00 20.00 0.5871E-03 0.0000E+00
 33 -640.0000 0.000 0.4300 0.2496E+02 0.0000E+00 -0.2496E+01 0.0000E+00 -1 -0.100E+00 20.00 0.3998E-03 0.0000E+00
 34 -660.0000 0.000 0.4300 0.2496E+02 0.0000E+00 -0.2496E+01 0.0000E+00 -1 -0.100E+00 20.00 0.2656E-03 0.0000E+00
 35 -680.0000 0.000 0.4300 0.2496E+02 0.0000E+00 -0.2496E+01 0.0000E+00 -1 -0.100E+00 20.00 0.1723E-03 0.0000E+00
 36 -700.0000 0.000 0.4300 0.2496E+02 0.0000E+00 -0.2496E+01 0.0000E+00 -1 -0.100E+00 20.00 0.1092E-03 0.0000E+00
 37 -720.0000 0.000 0.4300 0.2496E+02 0.0000E+00 -0.2496E+01 0.0000E+00 -1 -0.100E+00 20.00 0.6760E-04 0.0000E+00
 38 -740.0000 0.000 0.4300 0.2496E+02 0.0000E+00 -0.2496E+01 0.0000E+00 -1 -0.100E+00 20.00 0.4095E-04 0.0000E+00
 39 -760.0000 0.000 0.4300 0.2496E+02 0.0000E+00 -0.2496E+01 0.0000E+00 -1 -0.100E+00 20.00 0.2428E-04 0.0000E+00
 40 -780.0000 0.000 0.4300 0.2496E+02 0.0000E+00 -0.2496E+01 0.0000E+00 -1 -0.100E+00 20.00 0.1498E-04 0.0000E+00
 41 -800.0000 1.238 0.4100 0.1061E+03 0.0000E+00 -0.2496E+01 0.0000E+00 -1 -0.100E+00 20.00 0.2255E-05 0.0000E+00
 42 -820.0000 2.768 0.4100 0.1061E+03 0.0000E+00 -0.2496E+01 0.0000E+00 -1 -0.100E+00 20.00 0.2793E-06 0.0000E+00
 43 -840.0000 4.297 0.4100 0.1061E+03 0.0000E+00 -0.2496E+01 0.0000E+00 -1 -0.100E+00 20.00 0.3266E-07 0.0000E+00
 44 -860.0000 5.827 0.4100 0.1061E+03 0.0000E+00 -0.2496E+01 0.0000E+00 -1 -0.100E+00 20.00 0.3627E-08 0.0000E+00
 45 -880.0000 7.356 0.4100 0.1061E+03 0.0000E+00 -0.2496E+01 0.0000E+00 -1 -0.100E+00 20.00 0.3844E-09 0.0000E+00
 46 -900.0000 8.886 0.4100 0.1061E+03 0.0000E+00 -0.2496E+01 0.0000E+00 -1 -0.100E+00 20.00 0.3906E-10 0.0000E+00
 47 -920.0000 10.415 0.4100 0.1061E+03 0.0000E+00 -0.2496E+01 0.0000E+00 -1 -0.100E+00 20.00 0.3819E-11 0.0000E+00
 48 -940.0000 11.945 0.4100 0.1061E+03 0.0000E+00 -0.2496E+01 0.0000E+00 -1 -0.100E+00 20.00 0.3605E-12 0.0000E+00
 49 -960.0000 13.474 0.4100 0.1061E+03 0.0000E+00 -0.2496E+01 0.0000E+00 -1 -0.100E+00 20.00 0.3294E-13 0.0000E+00
 50 -980.0000 15.004 0.4100 0.1061E+03 0.0000E+00 -0.2496E+01 0.0000E+00 -1 -0.100E+00 20.00 0.2921E-14 0.0000E+00
 51 -1000.0000 16.533 0.4100 0.1061E+03 0.0000E+00 -0.2496E+01 0.0000E+00 -1 -0.100E+00 20.00 0.2518E-15 0.0000E+00
 52 -1020.0000 18.063 0.4100 0.1061E+03 0.0000E+00 -0.2496E+01 0.0000E+00 -1 -0.100E+00 20.00 0.2114E-16 0.0000E+00
 53 -1040.0000 19.592 0.4100 0.1061E+03 0.0000E+00 -0.2496E+01 0.0000E+00 -1 -0.100E+00 20.00 0.1733E-17 0.0000E+00
 54 -1060.0000 21.122 0.4100 0.1061E+03 0.0000E+00 -0.2496E+01 0.0000E+00 -1 -0.100E+00 20.00 0.1387E-18 0.0000E+00
 55 -1080.0000 22.651 0.4100 0.1061E+03 0.0000E+00 -0.2496E+01 0.0000E+00 -1 -0.100E+00 20.00 0.1087E-19 0.0000E+00
 56 -1100.0000 24.181 0.4100 0.1061E+03 0.0000E+00 -0.2496E+01 0.0000E+00 -1 -0.100E+00 20.00 0.8344E-21 0.0000E+00
 57 -1120.0000 25.710 0.4100 0.1061E+03 0.0000E+00 -0.2496E+01 0.0000E+00 -1 -0.100E+00 20.00 0.6281E-22 0.0000E+00
 58 -1140.0000 27.240 0.4100 0.1061E+03 0.0000E+00 -0.2496E+01 0.0000E+00 -1 -0.100E+00 20.00 0.4642E-23 0.0000E+00
 59 -1160.0000 28.769 0.4100 0.1061E+03 0.0000E+00 -0.2496E+01 0.0000E+00 -1 -0.100E+00 20.00 0.3371E-24 0.0000E+00
 60 -1180.0000 30.299 0.4100 0.1061E+03 0.0000E+00 -0.2496E+01 0.0000E+00 -1 -0.100E+00 20.00 0.2408E-25 0.0000E+00
 61 -1200.0000 31.828 0.4100 0.1061E+03 0.0000E+00 -0.2496E+01 0.0000E+00 -1 -0.100E+00 20.00 0.1670E-26 0.0000E+00
 62 -1220.0000 33.066 0.4300 0.2496E+02 0.0000E+00 -0.2496E+01 0.0000E+00 -1 -0.100E+00 20.00 0.5953E-27 0.0000E+00
 63 -1240.0000 33.066 0.4300 0.2496E+02 0.0000E+00 -0.2496E+01 0.0000E+00 -1 -0.100E+00 20.00 0.2277E-27 0.0000E+00
 64 -1260.0000 33.066 0.4300 0.2496E+02 0.0000E+00 -0.2496E+01 0.0000E+00 -1 -0.100E+00 20.00 0.8609E-28 0.0000E+00
 65 -1280.0000 33.066 0.4300 0.2496E+02 0.0000E+00 -0.2496E+01 0.0000E+00 -1 -0.100E+00 20.00 0.3199E-28 0.0000E+00
 66 -1300.0000 33.066 0.4300 0.2496E+02 0.0000E+00 -0.2496E+01 0.0000E+00 -1 -0.100E+00 20.00 0.1140E-28 0.0000E+00
 67 -1320.0000 33.066 0.4300 0.2496E+02 0.0000E+00 -0.2496E+01 0.0000E+00 -1 -0.100E+00 20.00 0.3456E-29 0.0000E+00
 68 -1340.0000 33.066 0.4300 0.2496E+02 0.0000E+00 -0.2496E+01 0.0000E+00 -1 -0.100E+00 20.00 0.0000E+00 0.0000E+00
 69 -1360.0000 33.066 0.4300 0.2496E+02 0.0000E+00 -0.2496E+01 0.0000E+00 -1 -0.100E+00 20.00 0.0000E+00 0.0000E+00
 70 -1380.0000 33.066 0.4300 0.2496E+02 0.0000E+00 -0.2496E+01 0.0000E+00 -1 -0.100E+00 20.00 0.0000E+00 0.0000E+00
 71 -1400.0000 33.066 0.4300 0.2496E+02 0.0000E+00 -0.2496E+01 0.0000E+00 -1 -0.100E+00 20.00 0.0000E+00 0.0000E+00
 72 -1420.0000 33.066 0.4300 0.2496E+02 0.0000E+00 -0.2496E+01 0.0000E+00 -1 -0.100E+00 20.00 0.0000E+00 0.0000E+00
 73 -1440.0000 33.066 0.4300 0.2496E+02 0.0000E+00 -0.2496E+01 0.0000E+00 -1 -0.100E+00 20.00 0.0000E+00 0.0000E+00
 74 -1460.0000 33.066 0.4300 0.2496E+02 0.0000E+00 -0.2496E+01 0.0000E+00 -1 -0.100E+00 20.00 0.0000E+00 0.0000E+00
 75 -1480.0000 33.066 0.4300 0.2496E+02 0.0000E+00 -0.2496E+01 0.0000E+00 -1 -0.100E+00 20.00 0.0000E+00 0.0000E+00
 76 -1500.0000 33.066 0.4300 0.2496E+02 0.0000E+00 -0.2496E+01 0.0000E+00 -1 -0.100E+00 20.00 0.0000E+00 0.0000E+00
 77 -1520.0000 33.066 0.4300 0.2496E+02 0.0000E+00 -0.2496E+01 0.0000E+00 -1 -0.100E+00 20.00 0.0000E+00 0.0000E+00
 78 -1540.0000 33.066 0.4300 0.2496E+02 0.0000E+00 -0.2496E+01 0.0000E+00 -1 -0.100E+00 20.00 0.0000E+00 0.0000E+00
 79 -1560.0000 33.066 0.4300 0.2496E+02 0.0000E+00 -0.2496E+01 0.0000E+00 -1 -0.100E+00 20.00 0.0000E+00 0.0000E+00
 80 -1580.0000 33.066 0.4300 0.2496E+02 0.0000E+00 -0.2496E+01 0.0000E+00 -1 -0.100E+00 20.00 0.0000E+00 0.0000E+00
 81 -1600.0000 33.066 0.4300 0.2496E+02 0.0000E+00 -0.2496E+01 0.0000E+00 -1 -0.100E+00 20.00 0.0000E+00 0.0000E+00
 82 -1620.0000 33.066 0.4300 0.2496E+02 0.0000E+00 -0.2496E+01 0.0000E+00 -1 -0.100E+00 20.00 0.0000E+00 0.0000E+00
 83 -1640.0000 33.066 0.4300 0.2496E+02 0.0000E+00 -0.2496E+01 0.0000E+00 -1 -0.100E+00 20.00 0.0000E+00 0.0000E+00
 84 -1660.0000 33.066 0.4300 0.2496E+02 0.0000E+00 -0.2496E+01 0.0000E+00 -1 -0.100E+00 20.00 0.0000E+00 0.0000E+00
 85 -1680.0000 33.066 0.4300 0.2496E+02 0.0000E+00 -0.2496E+01 0.0000E+00 -1 -0.100E+00 20.00 0.0000E+00 0.0000E+00
 86 -1700.0000 33.066 0.4300 0.2496E+02 0.0000E+00 -0.2496E+01 0.0000E+00 -1 -0.100E+00 20.00 0.0000E+00 0.0000E+00
 87 -1720.0000 33.066 0.4300 0.2496E+02 0.0000E+00 -0.2496E+01 0.0000E+00 -1 -0.100E+00 20.00 0.0000E+00 0.0000E+00
 88 -1740.0000 33.066 0.4300 0.2496E+02 0.0000E+00 -0.2496E+01 0.0000E+00 -1 -0.100E+00 20.00 0.0000E+00 0.0000E+00
 89 -1760.0000 33.066 0.4300 0.2496E+02 0.0000E+00 -0.2496E+01 0.0000E+00 -1 -0.100E+00 20.00 0.0000E+00 0.0000E+00
 90 -1780.0000 33.066 0.4300 0.2496E+02 0.0000E+00 -0.2496E+01 0.0000E+00 -1 -0.100E+00 20.00 0.0000E+00 0.0000E+00
 91 -1800.0000 33.066 0.4300 0.2496E+02 0.0000E+00 -0.2496E+01 0.0000E+00 -1 -0.100E+00 20.00 0.0000E+00 0.0000E+00
 92 -1820.0000 33.066 0.4300 0.2496E+02 0.0000E+00 -0.2496E+01 0.0000E+00 -1 -0.100E+00 20.00 0.0000E+00 0.0000E+00
 93 -1840.0000 33.066 0.4300 0.2496E+02 0.0000E+00 -0.2496E+01 0.0000E+00 -1 -0.100E+00 20.00 0.0000E+00 0.0000E+00
 94 -1860.0000 33.066 0.4300 0.2496E+02 0.0000E+00 -0.2496E+01 0.0000E+00 -1 -0.100E+00 20.00 0.0000E+00 0.0000E+00
 95 -1880.0000 33.066 0.4300 0.2496E+02 0.0000E+00 -0.2496E+01 0.0000E+00 -1 -0.100E+00 20.00 0.0000E+00 0.0000E+00
 96 -1900.0000 33.066 0.4300 0.2496E+02 0.0000E+00 -0.2496E+01 0.0000E+00 -1 -0.100E+00 20.00 0.0000E+00 0.0000E+00
 97 -1920.0000 33.066 0.4300 0.2496E+02 0.0000E+00 -0.2496E+01 0.0000E+00 -1 -0.100E+00 20.00 0.0000E+00 0.0000E+00
 98 -1940.0000 33.066 0.4300 0.2496E+02 0.0000E+00 -0.2496E+01 0.0000E+00 -1 -0.100E+00 20.00 0.0000E+00 0.0000E+00
 99 -1960.0000 33.066 0.4300 0.2496E+02 0.0000E+00 -0.2496E+01 0.0000E+00 -1 -0.100E+00 20.00 0.0000E+00 0.0000E+00
 100 -1980.0000 33.066 0.4300 0.2496E+02 0.0000E+00 -0.2496E+01 0.0000E+00 -1 -0.100E+00 20.00 0.0000E+00 0.0000E+00
 101 -2000.0000 33.066 0.4300 0.2496E+02 0.0000E+00 -0.2496E+01 0.0000E+00 -1 -0.100E+00 20.00 0.0000E+00 0.0000E+00
 1 0.0000 0.000 0.4300 0.2496E+02 0.0000E+00 -0.2496E+01 0.0000E+00 -1 -0.100E+00 20.00 0.5708E-16 0.0000E+00
 2 -20.0000 0.000 0.4300 0.2496E+02 0.0000E+00 -0.2496E+01 0.0000E+00 -1 -0.100E+00 20.00 0.1147E-14 0.0000E+00
 3 -40.0000 0.000 0.4300 0.2496E+02 0.0000E+00 -0.2496E+01 0.0000E+00 -1 -0.100E+00 20.00 0.9729E-14 0.0000E+00
 4 -60.0000 0.000 0.4300 0.2496E+02 0.0000E+00 -0.2496E+01 0.0000E+00 -1 -0.100E+00 20.00 0.6306E-13 0.0000E+00
 5 -80.0000 0.000 0.4300 0.2496E+02 0.0000E+00 -0.2496E+01 0.0000E+00 -1 -0.100E+00 20.00 0.3483E-12 0.0000E+00
 6 -100.0000 0.000 0.4300 0.2496E+02 0.0000E+00 -0.2496E+01 0.0000E+00 -1 -0.100E+00 20.00 0.1708E-11 0.0000E+00
 7 -120.0000 0.000 0.4300 0.2496E+02 0.0000E+00 -0.2496E+01 0.0000E+00 -1 -0.100E+00 20.00 0.7592E-11 0.0000E+00
 8 -140.0000 0.000 0.4300 0.2496E+02 0.0000E+00 -0.2496E+01 0.0000E+00 -1 -0.100E+00 20.00 0.3097E-10 0.0000E+00
 9 -160.0000 0.000 0.4300 0.2496E+02 0.0000E+00 -0.2496E+01 0.0000E+00 -1 -0.100E+00 20.00 0.1169E-09 0.0000E+00
 10 -180.0000 0.000 0.4300 0.2496E+02 0.0000E+00 -0.2496E+01 0.0000E+00 -1 -0.100E+00 20.00 0.4107E-09 0.0000E+00
 11 -200.0000 0.000 0.4300 0.2496E+02 0.0000E+00 -0.2496E+01 0.0000E+00 -1 -0.100E+00 20.00 0.1350E-08 0.0000E+00
 12 -220.0000 0.000 0.4300 0.2496E+02 0.0000E+00 -0.2496E+01 0.0000E+00 -1 -0.100E+00 20.00 0.4164E-08 0.0000E+00
 13 -240.0000 0.000 0.4300 0.2496E+02 0.0000E+00 -0.2496E+01 0.0000E+00 -1 -0.100E+00 20.00 0.1210E-07 0.0000E+00
 14 -260.0000 0.000 0.4300 0.2496E+02 0.0000E+00 -0.2496E+01 0.0000E+00 -1 -0.100E+00 20.00 0.3320E-07 0.0000E+00
 15 -280.0000 0.000 0.4300 0.2496E+02 0.0000E+00 -0.2496E+01 0.0000E+00 -1 -0.100E+00 20.00 0.8625E-07 0.0000E+00
 16 -300.0000 0.000 0.4300 0.2496E+02 0.0000E+00 -0.2496E+01 0.0000E+00 -1 -0.100E+00 20.00 0.2127E-06 0.0000E+00
 17 -320.0000 0.000 0.4300 0.2496E+02 0.0000E+00 -0.2496E+01 0.0000E+00 -1 -0.100E+00 20.00 0.4987E-06 0.0000E+00
 18 -340.0000 0.000 0.4300 0.2496E+02 0.0000E+00 -0.2496E+01 0.0000E+00 -1 -0.100E+00 20.00 0.1114E-05 0.0000E+00
 19 -360.0000 0.000 0.4300 0.2496E+02 0.0000E+00 -0.2496E+01 0.0000E+00 -1 -0.100E+00 20.00 0.2376E-05 0.0000E+00
 20 -380.0000 0.000 0.4300 0.2496E+02 0.0000E+00 -0.2496E+01 0.0000E+00 -1 -0.100E+00 20.00 0.4844E-05 0.0000E+00
 21 -400.0000 0.000 0.4300 0.2496E+02 0.0000E+00 -0.2496E+01 0.0000E+00 -1 -0.100E+00 20.00 0.9457E-05 0.0000E+00
 22 -420.0000 0.000 0.4300 0.2496E+02 0.0000E+00 -0.2496E+01 0.0000E+00 -1 -0.100E+00 20.00 0.1771E-04 0.0000E+00
 23 -440.0000 0.000 0.4300 0.2496E+02 0.0000E+00 -0.2496E+01 0.0000E+00 -1 -0.100E+00 20.00 0.3185E-04 0.0000E+00
 24 -460.0000 0.000 0.4300 0.2496E+02 0.0000E+00 -0.2496E+01 0.0000E+00 -1 -0.100E+00 20.00 0.5510E-04 0.0000E+00
 25 -480.0000 0.000 0.4300 0.2496E+02 0.0000E+00 -0.2496E+01 0.0000E+00 -1 -0.100E+00 20.00 0.9179E-04 0.0000E+00
 26 -500.0000 0.000 0.4300 0.2496E+02 0.0000E+00 -0.2496E+01 0.0000E+00 -1 -0.100E+00 20.00 0.1475E-03 0.0000E+00
 27 -520.0000 0.000 0.4300 0.2496E+02 0.0000E+00 -0.2496E+01 0.0000E+00 -1 -0.100E+00 20.00 0.2287E-03 0.0000E+00
 28 -540.0000 0.000 0.4300 0.2496E+02 0.0000E+00 -0.2496E+01 0.0000E+00 -1 -0.100E+00 20.00 0.3428E-03 0.0000E+00
 29 -560.0000 0.000 0.4300 0.2496E+02 0.0000E+00 -0.2496E+01 0.0000E+00 -1 -0.100E+00 20.00 0.4973E-03 0.0000E+00
 30 -580.0000 0.000 0.4300 0.2496E+02 0.0000E+00 -0.2496E+01 0.0000E+00 -1 -0.100E+00 20.00 0.6989E-03 0.0000E+00
 31 -600.0000 0.000 0.4300 0.2496E+02 0.0000E+00 -0.2496E+01 0.0000E+00 -1 -0.100E+00 20.00 0.9524E-03 0.0000E+00
 32 -620.0000 0.000 0.4300 0.2496E+02 0.0000E+00 -0.2496E+01 0.0000E+00 -1 -0.100E+00 20.00 0.1260E-02 0.0000E+00
 33 -640.0000 0.000 0.4300 0.2496E+02 0.0000E+00 -0.2496E+01 0.0000E+00 -1 -0.100E+00 20.00 0.1620E-02 0.0000E+00
 34 -660.0000 0.000 0.4300 0.2496E+02 0.0000E+00 -0.2496E+01 0.0000E+00 -1 -0.100E+00 20.00 0.2025E-02 0.0000E+00
 35 -680.0000 0.000 0.4300 0.2496E+02 0.0000E+00 -0.2496E+01 0.0000E+00 -1 -0.100E+00 20.00 0.2464E-02 0.0000E+00
 36 -700.0000 0.000 0.4300 0.2496E+02 0.0000E+00 -0.2496E+01 0.0000E+00 -1 -0.100E+00 20.00 0.2922E-02 0.0000E+00
 37 -720.0000 0.000 0.4300 0.2496E+02 0.0000E+00 -0.2496E+01 0.0000E+00 -1 -0.100E+00 20.00 0.3378E-02 0.0000E+00
 38 -740.0000 0.000 0.4300 0.2496E+02 0.0000E+00 -0.2496E+01 0.0000E+00 -1 -0.100E+00 20.00 0.3812E-02 0.0000E+00
 39 -760.0000 0.000 0.4300 0.2496E+02 0.0000E+00 -0.2496E+01 0.0000E+00 -1 -0.100E+00 20.00 0.4204E-02 0.0000E+00
 40 -780.0000 0.000 0.4300 0.2496E+02 0.0000E+00 -0.2496E+01 0.0000E+00 -1 -0.100E+00 20.00 0.4602E-02 0.0000E+00
 41 -800.0000 1.238 0.4100 0.1061E+03 0.0000E+00 -0.2496E+01 0.0000E+00 -1 -0.100E+00 20.00 0.4337E-02 0.0000E+00
 42 -820.0000 2.768 0.4100 0.1061E+03 0.0000E+00 -0.2496E+01 0.0000E+00 -1 -0.100E+00 20.00 0.2581E-02 0.0000E+00
 43 -840.0000 4.297 0.4100 0.1061E+03 0.0000E+00 -0.2496E+01 0.0000E+00 -1 -0.100E+00 20.00 0.1192E-02 0.0000E+00
 44 -860.0000 5.827 0.4100 0.1061E+03 0.0000E+00 -0.2496E+01 0.0000E+00 -1 -0.100E+00 20.00 0.4608E-03 0.0000E+00
 45 -880.0000 7.356 0.4100 0.1061E+03 0.0000E+00 -0.2496E+01 0.0000E+00 -1 -0.100E+00 20.00 0.1554E-03 0.0000E+00
 46 -900.0000 8.886 0.4100 0.1061E+03 0.0000E+00 -0.2496E+01 0.0000E+00 -1 -0.100E+00 20.00 0.4690E-04 0.0000E+00
 47 -920.0000 10.415 0.4100 0.1061E+03 0.0000E+00 -0.2496E+01 0.0000E+00 -1 -0.100E+00 20.00 0.1288E-04 0.0000E+00
 48 -940.0000 11.945 0.4100 0.1061E+03 0.0000E+00 -0.2496E+01 0.0000E+00 -1 -0.100E+00 20.00 0.3259E-05 0.0000E+00
 49 -960.0000 13.474 0.4100 0.1061E+03 0.0000E+00 -0.2496E+01 0.0000E+00 -1 -0.100E+00 20.00 0.7673E-06 0.0000E+00
 50 -980.0000 15.004 0.4100 0.1061E+03 0.0000E+00 -0.2496E+01 0.0000E+00 -1 -0.100E+00 20.00 0.1693E-06 0.0000E+00
 51 -1000.0000 16.533 0.4100 0.1061E+03 0.0000E+00 -0.2496E+01 0.0000E+00 -1 -0.100E+00 20.00 0.3525E-07 0.0000E+00
 52 -1020.0000 18.063 0.4100 0.1061E+03 0.0000E+00 -0.2496E+01 0.0000E+00 -1 -0.100E+00 20.00 0.6954E-08 0.0000E+00
 53 -1040.0000 19.592 0.4100 0.1061E+03 0.0000E+00 -0.2496E+01 0.0000E+00 -1 -0.100E+00 20.00 0.1306E-08 0.0000E+00
 54 -1060.0000 21.122 0.4100 0.1061E+03 0.0000E+00 -0.2496E+01 0.0000E+00 -1 -0.100E+00 20.00 0.2343E-09 0.0000E+00
 55 -1080.0000 22.651 0.4100 0.1061E+03 0.0000E+00 -0.2496E+01 0.0000E+00 -1 -0.100E+00 20.00 0.4027E-10 0.0000E+00
 56 -1100.0000 24.181 0.4100 0.1061E+03 0.0000E+00 -0.2496E+01 0.0000E+00 -1 -0.100E+00 20.00 0.6654E-11 0.0000E+00
 57 -1120.0000 25.710 0.4100 0.1061E+03 0.0000E+00 -0.2496E+01 0.0000E+00 -1 -0.100E+00 20.00 0.1059E-11 0.0000E+00
 58 -1140.0000 27.240 0.4100 0.1061E+03 0.0000E+00 -0.2496E+01 0.0000E+00 -1 -0.100E+00 20.00 0.1627E-12 0.0000E+00
 59 -1160.0000 28.769 0.4100 0.1061E+03 0.0000E+00 -0.2496E+01 0.0000E+00 -1 -0.100E+00 20.00 0.2418E-13 0.0000E+00
 60 -1180.0000 30.299 0.4100 0.1061E+03 0.0000E+00 -0.2496E+01 0.0000E+00 -1 -0.100E+00 20.00 0.3483E-14 0.0000E+00
 61 -1200.0000 31.828 0.4100 0.1061E+03 0.0000E+00 -0.2496E+01 0.0000E+00 -1 -0.100E+00 20.00 0.4738E-15 0.0000E+00
 62 -1220.0000 33.066 0.4300 0.2496E+02 0.0000E+00 -0.2496E+01 0.0000E+00 -1 -0.100E+00 20.00 0.2546E-15 0.0000E+00
 63 -1240.0000 33.066 0.4300 0.2496E+02 0.0000E+00 -0.2496E+01 0.0000E+00 -1 -0.100E+00 20.00 0.1437E-15 0.0000E+00
 64 -1260.0000 33.066 0.4300 0.2496E+02 0.0000E+00 -0.2496E+01 0.0000E+00 -1 -0.100E+00 20.00 0.8050E-16 0.0000E+00
 65 -1280.0000 33.066 0.4300 0.2496E+02 0.0000E+00 -0.2496E+01 0.0000E+00 -1 -0.100E+00 20.00 0.4480E-16 0.0000E+00
 66 -1300.0000 33.066 0.4300 0.2496E+02 0.0000E+00 -0.2496E+01 0.0000E+00 -1 -0.100E+00 20.00 0.2476E-16 0.0000E+00
 67 -1320.0000 33.066 0.4300 0.2496E+02 0.0000E+00 -0.2496E+01 0.0000E+00 -1 -0.100E+00 20.00 0.1360E-16 0.0000E+00
 68 -1340.0000 33.066 0.4300 0.2496E+02 0.0000E+00 -0.2496E+01 0.0000E+00 -1 -0.100E+00 20.00 0.7414E-17 0.0000E+00
 69 -1360.0000 33.066 0.4300 0.2496E+02 0.0000E+00 -0.2496E+01 0.0000E+00 -1 -0.100E+00 20.00 0.4015E-17 0.0000E+00
 70 -1380.0000 33.066 0.4300 0.2496E+02 0.0000E+00 -0.2496E+01 0.0000E+00 -1 -0.100E+00 20.00 0.2160E-17 0.0000E+00
 71 -1400.0000 33.066 0.4300 0.2496E+02 0.0000E+00 -0.2496E+01 0.0000E+00 -1 -0.100E+00 20.00 0.1154E-17 0.0000E+00
 72 -1420.0000 33.066 0.4300 0.2496E+02 0.0000E+00 -0.2496E+01 0.0000E+00 -1 -0.100E+00 20.00 0.6129E-18 0.0000E+00
 73 -1440.0000 33.066 0.4300 0.2496E+02 0.0000E+00 -0.2496E+01 0.0000E+00 -1 -0.100E+00 20.00 0.3232E-18 0.0000E+00
 74 -1460.0000 33.066 0.4300 0.2496E+02 0.0000E+00 -0.2496E+01 0.0000E+00 -1 -0.100E+00 20.00 0.1693E-18 0.0000E+00
 75 -1480.0000 33.066 0.4300 0.2496E+02 0.0000E+00 -0.2496E+01 0.0000E+00 -1 -0.100E+00 20.00 0.8813E-19 0.0000E+00
 76 -1500.0000 33.066 0.4300 0.2496E+02 0.0000E+00 -0.2496E+01 0.0000E+00 -1 -0.100E+00 20.00 0.4557E-19 0.0000E+00
 77 -1520.0000 33.066 0.4300 0.2496E+02 0.0000E+00 -0.2496E+01 0.0000E+00 -1 -0.100E+00 20.00 0.2341E-19 0.0000E+00
 78 -1540.0000 33.066 0.4300 0.2496E+02 0.0000E+00 -0.2496E+01 0.0000E+00 -1 -0.100E+00 20.00 0.1195E-19 0.0000E+00
 79 -1560.0000 33.066 0.4300 0.2496E+02 0.0000E+00 -0.2496E+01 0.0000E+00 -1 -0.100E+00 20.00 0.6061E-20 0.0000E+00
 80 -1580.0000 33.066 0.4300 0.2496E+02 0.0000E+00 -0.2496E+01 0.0000E+00 -1 -0.100E+00 20.00 0.3055E-20 0.0000E+00
 81 -1600.0000 33.066 0.4300 0.2496E+02 0.0000E+00 -0.2496E+01 0.0000E+00 -1 -0.100E+00 20.00 0.1530E-20 0.0000E+00
 82 -1620.0000 33.066 0.4300 0.2496E+02 0.0000E+00 -0.2496E+01 0.0000E+00 -1 -0.100E+00 20.00 0.7615E-21 0.0000E+00
 83 -1640.0000 33.066 0.4300 0.2496E+02 0.0000E+00 -0.2496E+01 0.0000E+00 -1 -0.100E+00 20.00 0.3767E-21 0.0000E+00
 84 -1660.0000 33.066 0.4300 0.2496E+02 0.0000E+00 -0.2496E+01 0.0000E+00 -1 -0.100E+00 20.00 0.1852E-21 0.0000E+00
 85 -1680.0000 33.066 0.4300 0.2496E+02 0.0000E+00 -0.2496E+01 0.0000E+00 -1 -0.100E+00 20.00 0.9049E-22 0.0000E+00
 86 -1700.0000 33.066 0.4300 0.2496E+02 0.0000E+00 -0.2496E+01 0.0000E+00 -1 -0.100E+00 20.00 0.4395E-22 0.0000E+00
 87 -1720.0000 33.066 0.4300 0.2496E+02 0.0000E+00 -0.2496E+01 0.0000E+00 -1 -0.100E+00 20.00 0.2122E-22 0.0000E+00
 88 -1740.0000 33.066 0.4300 0.2496E+02 0.0000E+00 -0.2496E+01 0.0000E+00 -1 -0.100E+00 20.00 0.1018E-22 0.0000E+00
 89 -1760.0000 33.066 0.4300 0.2496E+02 0.0000E+00 -0.2496E+01 0.0000E+00 -1 -0.100E+00 20.00 0.4859E-23 0.0000E+00
 90 -1780.0000 33.066 0.4300 0.2496E+02 0.0000E+00 -0.2496E+01 0.0000E+00 -1 -0.100E+00 20.00 0.2305E-23 0.0000E+00
 91 -1800.0000 33.066 0.4300 0.2496E+02 0.0000E+00 -0.2496E+01 0.0000E+00 -1 -0.100E+00 20.00 0.1087E-23 0.0000E+00
 92 -1820.0000 33.066 0.4300 0.2496E+02 0.0000E+00 -0.2496E+01 0.0000E+00 -1 -0.100E+00 20.00 0.5097E-24 0.0000E+00
 93 -1840.0000 33.066 0.4300 0.2496E+02 0.0000E+00 -0.2496E+01 0.0000E+00 -1 -0.100E+00 20.00 0.2376E-24 0.0000E+00
 94 -1860.0000 33.066 0.4300 0.2496E+02 0.0000E+00 -0.2496E+01 0.0000E+00 -1 -0.100E+00 20.00 0.1102E-24 0.0000E+00
 95 -1880.0000 33.066 0.4300 0.2496E+02 0.0000E+00 -0.2496E+01 0.0000E+00 -1 -0.100E+00 20.00 0.5080E-25 0.0000E+00
 96 -1900.0000 33.066 0.4300 0.2496E+02 0.0000E+00 -0.2496E+01 0.0000E+00 -1 -0.100E+00 20.00 0.2329E-25 0.0000E+00
 97 -1920.0000 33.066 0.4300 0.2496E+02 0.0000E+00 -0.2496E+01 0.0000E+00 -1 -0.100E+00 20.00 0.1062E-25 0.0000E+00
 98 -1940.0000 33.066 0.4300 0.2496E+02 0.0000E+00 -0.2496E+01 0.0000E+00 -1 -0.100E+00 20.00 0.4817E-26 0.0000E+00
 99 -1960.0000 33.066 0.4300 0.2496E+02 0.0000E+00 -0.2496E+01 0.0000E+00 -1 -0.100E+00 20.00 0.2172E-26 0.0000E+00
 100 -1980.0000 33.066 0.4300 0.2496E+02 0.0000E+00 -0.2496E+01 0.0000E+00 -1 -0.100E+00 20.00 0.9665E-27 0.0000E+00
 101 -2000.0000 33.066 0.4300 0.2496E+02 0.0000E+00 -0.2496E+01 0.0000E+00 -1 -0.100E+00 20.00 0.9665E-27 0.0000E+00
 1 0.0000 0.000 0.4300 0.2496E+02 0.0000E+00 -0.2496E+01 0.0000E+00 -1 -0.100E+00 20.00 0.2016E-23 0.0000E+00
 2 -20.0000 0.000 0.4300 0.2496E+02 0.0000E+00 -0.2496E+01 0.0000E+00 -1 -0.100E+00 20.00 0.4109E-22 0.0000E+00
 3 -40.0000 0.000 0.4300 0.2496E+02 0.0000E+00 -0.2496E+01 0.0000E+00 -1 -0.100E+00 20.00 0.3663E-21 0.0000E+00
 4 -60.0000 0.000 0.4300 0.2496E+02 0.0000E+00 -0.2496E+01 0.0000E+00 -1 -0.100E+00 20.00 0.2561E-20 0.0000E+00
 5 -80.0000 0.000 0.4300 0.2496E+02 0.0000E+00 -0.2496E+01 0.0000E+00 -1 -0.100E+00 20.00 0.1562E-19 0.0000E+00
 6 -100.0000 0.000 0.4300 0.2496E+02 0.0000E+00 -0.2496E+01 0.0000E+00 -1 -0.100E+00 20.00 0.8652E-19 0.0000E+00
 7 -120.0000 0.000 0.4300 0.2496E+02 0.0000E+00 -0.2496E+01 0.0000E+00 -1 -0.100E+00 20.00 0.4436E-18 0.0000E+00
 8 -140.0000 0.000 0.4300 0.2496E+02 0.0000E+00 -0.2496E+01 0.0000E+00 -1 -0.100E+00 20.00 0.2129E-17 0.0000E+00
 9 -160.0000 0.000 0.4300 0.2496E+02 0.0000E+00 -0.2496E+01 0.0000E+00 -1 -0.100E+00 20.00 0.9635E-17 0.0000E+00
 10 -180.0000 0.000 0.4300 0.2496E+02 0.0000E+00 -0.2496E+01 0.0000E+00 -1 -0.100E+00 20.00 0.4132E-16 0.0000E+00
 11 -200.0000 0.000 0.4300 0.2496E+02 0.0000E+00 -0.2496E+01 0.0000E+00 -1 -0.100E+00 20.00 0.1685E-15 0.0000E+00
 12 -220.0000 0.000 0.4300 0.2496E+02 0.0000E+00 -0.2496E+01 0.0000E+00 -1 -0.100E+00 20.00 0.6557E-15 0.0000E+00
 13 -240.0000 0.000 0.4300 0.2496E+02 0.0000E+00 -0.2496E+01 0.0000E+00 -1 -0.100E+00 20.00 0.2439E-14 0.0000E+00
 14 -260.0000 0.000 0.4300 0.2496E+02 0.0000E+00 -0.2496E+01 0.0000E+00 -1 -0.100E+00 20.00 0.8688E-14 0.0000E+00
 15 -280.0000 0.000 0.4300 0.2496E+02 0.0000E+00 -0.2496E+01 0.0000E+00 -1 -0.100E+00 20.00 0.2969E-13 0.0000E+00
 16 -300.0000 0.000 0.4300 0.2496E+02 0.0000E+00 -0.2496E+01 0.0000E+00 -1 -0.100E+00 20.00 0.9750E-13 0.0000E+00
 17 -320.0000 0.000 0.4300 0.2496E+02 0.0000E+00 -0.2496E+01 0.0000E+00 -1 -0.100E+00 20.00 0.3080E-12 0.0000E+00
 18 -340.0000 0.000 0.4300 0.2496E+02 0.0000E+00 -0.2496E+01 0.0000E+00 -1 -0.100E+00 20.00 0.9370E-12 0.0000E+00
 19 -360.0000 0.000 0.4300 0.2496E+02 0.0000E+00 -0.2496E+01 0.0000E+00 -1 -0.100E+00 20.00 0.2749E-11 0.0000E+00
 20 -380.0000 0.000 0.4300 0.2496E+02 0.0000E+00 -0.2496E+01 0.0000E+00 -1 -0.100E+00 20.00 0.7781E-11 0.0000E+00
 21 -400.0000 0.000 0.4300 0.2496E+02 0.0000E+00 -0.2496E+01 0.0000E+00 -1 -0.100E+00 20.00 0.2127E-10 0.0000E+00
 22 -420.0000 0.000 0.4300 0.2496E+02 0.0000E+00 -0.2496E+01 0.0000E+00 -1 -0.100E+00 20.00 0.5624E-10 0.0000E+00
 23 -440.0000 0.000 0.4300 0.2496E+02 0.0000E+00 -0.2496E+01 0.0000E+00 -1 -0.100E+00 20.00 0.1439E-09 0.0000E+00
 24 -460.0000 0.000 0.4300 0.2496E+02 0.0000E+00 -0.2496E+01 0.0000E+00 -1 -0.100E+00 20.00 0.3563E-09 0.0000E+00
 25 -480.0000 0.000 0.4300 0.2496E+02 0.0000E+00 -0.2496E+01 0.0000E+00 -1 -0.100E+00 20.00 0.8551E-09 0.0000E+00
 26 -500.0000 0.000 0.4300 0.2496E+02 0.0000E+00 -0.2496E+01 0.0000E+00 -1 -0.100E+00 20.00 0.1990E-08 0.0000E+00
 27 -520.0000 0.000 0.4300 0.2496E+02 0.0000E+00 -0.2496E+01 0.0000E+00 -1 -0.100E+00 20.00 0.4495E-08 0.0000E+00
 28 -540.0000 0.000 0.4300 0.2496E+02 0.0000E+00 -0.2496E+01 0.0000E+00 -1 -0.100E+00 20.00 0.9856E-08 0.0000E+00
 29 -560.0000 0.000 0.4300 0.2496E+02 0.0000E+00 -0.2496E+01 0.0000E+00 -1 -0.100E+00 20.00 0.2100E-07 0.0000E+00
 30 -580.0000 0.000 0.4300 0.2496E+02 0.0000E+00 -0.2496E+01 0.0000E+00 -1 -0.100E+00 20.00 0.4350E-07 0.0000E+00
 31 -600.0000 0.000 0.4300 0.2496E+02 0.0000E+00 -0.2496E+01 0.0000E+00 -1 -0.100E+00 20.00 0.8765E-07 0.0000E+00
 32 -620.0000 0.000 0.4300 0.2496E+02 0.0000E+00 -0.2496E+01 0.0000E+00 -1 -0.100E+00 20.00 0.1719E-06 0.0000E+00
 33 -640.0000 0.000 0.4300 0.2496E+02 0.0000E+00 -0.2496E+01 0.0000E+00 -1 -0.100E+00 20.00 0.3283E-06 0.0000E+00
 34 -660.0000 0.000 0.4300 0.2496E+02 0.0000E+00 -0.2496E+01 0.0000E+00 -1 -0.100E+00 20.00 0.6111E-06 0.0000E+00
 35 -680.0000 0.000 0.4300 0.2496E+02 0.0000E+00 -0.2496E+01 0.0000E+00 -1 -0.100E+00 20.00 0.1109E-05 0.0000E+00
 36 -700.0000 0.000 0.4300 0.2496E+02 0.0000E+00 -0.2496E+01 0.0000E+00 -1 -0.100E+00 20.00 0.1962E-05 0.0000E+00
 37 -720.0000 0.000 0.4300 0.2496E+02 0.0000E+00 -0.2496E+01 0.0000E+00 -1 -0.100E+00 20.00 0.3388E-05 0.0000E+00
 38 -740.0000 0.000 0.4300 0.2496E+02 0.0000E+00 -0.2496E+01 0.0000E+00 -1 -0.100E+00 20.00 0.5705E-05 0.0000E+00
 39 -760.0000 0.000 0.4300 0.2496E+02 0.0000E+00 -0.2496E+01 0.0000E+00 -1 -0.100E+00 20.00 0.9255E-05 0.0000E+00
 40 -780.0000 0.000 0.4300 0.2496E+02 0.0000E+00 -0.2496E+01 0.0000E+00 -1 -0.100E+00 20.00 0.0000E+00 0.0000E+00
 41 -800.0000 1.238 0.4100 0.1061E+03 0.0000E+00 -0.2496E+01 0.0000E+00 -1 -0.100E+00 20.00 0.1871E-03 0.0000E+00
 42 -820.0000 2.768 0.4100 0.1061E+03 0.0000E+00 -0.2496E+01 0.0000E+00 -1 -0.100E+00 20.00 0.1249E-02 0.0000E+00
 43 -840.0000 4.297 0.4100 0.1061E+03 0.0000E+00 -0.2496E+01 0.0000E+00 -1 -0.100E+00 20.00 0.2396E-02 0.0000E+00
 44 -860.0000 5.827 0.4100 0.1061E+03 0.0000E+00 -0.2496E+01 0.0000E+00 -1 -0.100E+00 20.00 0.2854E-02 0.0000E+00
 45 -880.0000 7.356 0.4100 0.1061E+03 0.0000E+00 -0.2496E+01 0.0000E+00 -1 -0.100E+00 20.00 0.2539E-02 0.0000E+00
 46 -900.0000 8.886 0.4100 0.1061E+03 0.0000E+00 -0.2496E+01 0.0000E+00 -1 -0.100E+00 20.00 0.1835E-02 0.0000E+00
 47 -920.0000 10.415 0.4100 0.1061E+03 0.0000E+00 -0.2496E+01 0.0000E+00 -1 -0.100E+00 20.00 0.1127E-02 0.0000E+00
 48 -940.0000 11.945 0.4100 0.1061E+03 0.0000E+00 -0.2496E+01 0.0000E+00 -1 -0.100E+00 20.00 0.6069E-03 0.0000E+00
 49 -960.0000 13.474 0.4100 0.1061E+03 0.0000E+00 -0.2496E+01 0.0000E+00 -1 -0.100E+00 20.00 0.2922E-03 0.0000E+00
 50 -980.0000 15.004 0.4100 0.1061E+03 0.0000E+00 -0.2496E+01 0.0000E+00 -1 -0.100E+00 20.00 0.1278E-03 0.0000E+00
 51 -1000.0000 16.533 0.4100 0.1061E+03 0.0000E+00 -0.2496E+01 0.0000E+00 -1 -0.100E+00 20.00 0.5132E-04 0.0000E+00
 52 -1020.0000 18.063 0.4100 0.1061E+03 0.0000E+00 -0.2496E+01 0.0000E+00 -1 -0.100E+00 20.00 0.1910E-04 0.0000E+00
 53 -1040.0000 19.592 0.4100 0.1061E+03 0.0000E+00 -0.2496E+01 0.0000E+00 -1 -0.100E+00 20.00 0.6637E-05 0.0000E+00
 54 -1060.0000 21.122 0.4100 0.1061E+03 0.0000E+00 -0.2496E+01 0.0000E+00 -1 -0.100E+00 20.00 0.2166E-05 0.0000E+00
 55 -1080.0000 22.651 0.4100 0.1061E+03 0.0000E+00 -0.2496E+01 0.0000E+00 -1 -0.100E+00 20.00 0.6675E-06 0.0000E+00
 56 -1100.0000 24.181 0.4100 0.1061E+03 0.0000E+00 -0.2496E+01 0.0000E+00 -1 -0.100E+00 20.00 0.1950E-06 0.0000E+00
 57 -1120.0000 25.710 0.4100 0.1061E+03 0.0000E+00 -0.2496E+01 0.0000E+00 -1 -0.100E+00 20.00 0.5421E-07 0.0000E+00
 58 -1140.0000 27.240 0.4100 0.1061E+03 0.0000E+00 -0.2496E+01 0.0000E+00 -1 -0.100E+00 20.00 0.1439E-07 0.0000E+00
 59 -1160.0000 28.769 0.4100 0.1061E+03 0.0000E+00 -0.2496E+01 0.0000E+00 -1 -0.100E+00 20.00 0.3655E-08 0.0000E+00
 60 -1180.0000 30.299 0.4100 0.1061E+03 0.0000E+00 -0.2496E+01 0.0000E+00 -1 -0.100E+00 20.00 0.8920E-09 0.0000E+00
 61 -1200.0000 31.828 0.4100 0.1061E+03 0.0000E+00 -0.2496E+01 0.0000E+00 -1 -0.100E+00 20.00 0.2003E-09 0.0000E+00
 62 -1220.0000 33.066 0.4300 0.2496E+02 0.0000E+00 -0.2496E+01 0.0000E+00 -1 -0.100E+00 20.00 0.1362E-09 0.0000E+00
 63 -1240.0000 33.066 0.4300 0.2496E+02 0.0000E+00 -0.2496E+01 0.0000E+00 -1 -0.100E+00 20.00 0.9585E-10 0.0000E+00
 64 -1260.0000 33.066 0.4300 0.2496E+02 0.0000E+00 -0.2496E+01 0.0000E+00 -1 -0.100E+00 20.00 0.6712E-10 0.0000E+00
 65 -1280.0000 33.066 0.4300 0.2496E+02 0.0000E+00 -0.2496E+01 0.0000E+00 -1 -0.100E+00 20.00 0.4677E-10 0.0000E+00
 66 -1300.0000 33.066 0.4300 0.2496E+02 0.0000E+00 -0.2496E+01 0.0000E+00 -1 -0.100E+00 20.00 0.3243E-10 0.0000E+00
 67 -1320.0000 33.066 0.4300 0.2496E+02 0.0000E+00 -0.2496E+01 0.0000E+00 -1 -0.100E+00 20.00 0.2237E-10 0.0000E+00
 68 -1340.0000 33.066 0.4300 0.2496E+02 0.0000E+00 -0.2496E+01 0.0000E+00 -1 -0.100E+00 20.00 0.1535E-10 0.0000E+00
 69 -1360.0000 33.066 0.4300 0.2496E+02 0.0000E+00 -0.2496E+01 0.0000E+00 -1 -0.100E+00 20.00 0.1048E-10 0.0000E+00
 70 -1380.0000 33.066 0.4300 0.2496E+02 0.0000E+00 -0.2496E+01 0.0000E+00 -1 -0.100E+00 20.00 0.7121E-11 0.0000E+00
 71 -1400.0000 33.066 0.4300 0.2496E+02 0.0000E+00 -0.2496E+01 0.0000E+00 -1 -0.100E+00 20.00 0.4813E-11 0.0000E+00
 72 -1420.0000 33.066 0.4300 0.2496E+02 0.0000E+00 -0.2496E+01 0.0000E+00 -1 -0.100E+00 20.00 0.3236E-11 0.0000E+00
 73 -1440.0000 33.066 0.4300 0.2496E+02 0.0000E+00 -0.2496E+01 0.0000E+00 -1 -0.100E+00 20.00 0.2165E-11 0.0000E+00
 74 -1460.0000 33.066 0.4300 0.2496E+02 0.0000E+00 -0.2496E+01 0.0000E+00 -1 -0.100E+00 20.00 0.1440E-11 0.0000E+00
 75 -1480.0000 33.066 0.4300 0.2496E+02 0.0000E+00 -0.2496E+01 0.0000E+00 -1 -0.100E+00 20.00 0.9536E-12 0.0000E+00
 76 -1500.0000 33.066 0.4300 0.2496E+02 0.0000E+00 -0.2496E+01 0.0000E+00 -1 -0.100E+00 20.00 0.6280E-12 0.0000E+00
 77 -1520.0000 33.066 0.4300 0.2496E+02 0.0000E+00 -0.2496E+01 0.0000E+00 -1 -0.100E+00 20.00 0.4114E-12 0.0000E+00
 78 -1540.0000 33.066 0.4300 0.2496E+02 0.0000E+00 -0.2496E+01 0.0000E+00 -1 -0.100E+00 20.00 0.2681E-12 0.0000E+00
 79 -1560.0000 33.066 0.4300 0.2496E+02 0.0000E+00 -0.2496E+01 0.0000E+00 -1 -0.100E+00 20.00 0.1738E-12 0.0000E+00
 80 -1580.0000 33.066 0.4300 0.2496E+02 0.0000E+00 -0.2496E+01 0.0000E+00 -1 -0.100E+00 20.00 0.1121E-12 0.0000E+00
 81 -1600.0000 33.066 0.4300 0.2496E+02 0.0000E+00 -0.2496E+01 0.0000E+00 -1 -0.100E+00 20.00 0.7191E-13 0.0000E+00
 82 -1620.0000 33.066 0.4300 0.2496E+02 0.0000E+00 -0.2496E+01 0.0000E+00 -1 -0.100E+00 20.00 0.4589E-13 0.0000E+00
 83 -1640.0000 33.066 0.4300 0.2496E+02 0.0000E+00 -0.2496E+01 0.0000E+00 -1 -0.100E+00 20.00 0.2913E-13 0.0000E+00
 84 -1660.0000 33.066 0.4300 0.2496E+02 0.0000E+00 -0.2496E+01 0.0000E+00 -1 -0.100E+00 20.00 0.1839E-13 0.0000E+00
 85 -1680.0000 33.066 0.4300 0.2496E+02 0.0000E+00 -0.2496E+01 0.0000E+00 -1 -0.100E+00 20.00 0.1155E-13 0.0000E+00
 86 -1700.0000 33.066 0.4300 0.2496E+02 0.0000E+00 -0.2496E+01 0.0000E+00 -1 -0.100E+00 20.00 0.7217E-14 0.0000E+00
 87 -1720.0000 33.066 0.4300 0.2496E+02 0.0000E+00 -0.2496E+01 0.0000E+00 -1 -0.100E+00 20.00 0.4486E-14 0.0000E+00
 88 -1740.0000 33.066 0.4300 0.2496E+02 0.0000E+00 -0.2496E+01 0.0000E+00 -1 -0.100E+00 20.00 0.2773E-14 0.0000E+00
 89 -1760.0000 33.066 0.4300 0.2496E+02 0.0000E+00 -0.2496E+01 0.0000E+00 -1 -0.100E+00 20.00 0.1705E-14 0.0000E+00
 90 -1780.0000 33.066 0.4300 0.2496E+02 0.0000E+00 -0.2496E+01 0.0000E+00 -1 -0.100E+00 20.00 0.1043E-14 0.0000E+00
 91 -1800.0000 33.066 0.4300 0.2496E+02 0.0000E+00 -0.2496E+01 0.0000E+00 -1 -0.100E+00 20.00 0.6348E-15 0.0000E+00
 92 -1820.0000 33.066 0.4300 0.2496E+02 0.0000E+00 -0.2496E+01 0.0000E+00 -1 -0.100E+00 20.00 0.3842E-15 0.0000E+00
 93 -1840.0000 33.066 0.4300 0.2496E+02 0.0000E+00 -0.2496E+01 0.0000E+00 -1 -0.100E+00 20.00 0.2314E-15 0.0000E+00
 94 -1860.0000 33.066 0.4300 0.2496E+02 0.0000E+00 -0.2496E+01 0.0000E+00 -1 -0.100E+00 20.00 0.1386E-15 0.0000E+00
 95 -1880.0000 33.066 0.4300 0.2496E+02 0.0000E+00 -0.2496E+01 0.0000E+00 -1 -0.100E+00 20.00 0.8257E-16 0.0000E+00
 96 -1900.0000 33.066 0.4300 0.2496E+02 0.0000E+00 -0.2496E+01 0.0000E+00 -1 -0.100E+00 20.00 0.4894E-16 0.0000E+00
 97 -1920.0000 33.066 0.4300 0.2496E+02 0.0000E+00 -0.2496E+01 0.0000E+00 -1 -0.100E+00 20.00 0.2886E-16 0.0000E+00
 98 -1940.0000 33.066 0.4300 0.2496E+02 0.0000E+00 -0.2496E+01 0.0000E+00 -1 -0.100E+00 20.00 0.1693E-16 0.0000E+00
 99 -1960.0000 33.066 0.4300 0.2496E+02 0.0000E+00 -0.2496E+01 0.0000E+00 -1 -0.100E+00 20.00 0.9878E-17 0.0000E+00
 100 -1980.0000 33.066 0.4300 0.2496E+02 0.0000E+00 -0.2496E+01 0.0000E+00 -1 -0.100E+00 20.00 0.5715E-17 0.0000E+00
 101 -2000.0000 33.066 0.4300 0.2496E+02 0.0000E+00 -0.2496E+01 0.0000E+00 -1 -0.100E+00 20.00 0.5715E-17 0.0000E+00
 1 0.0000 0.000 0.4300 0.2496E+02 0.0000E+00 -0.2496E+01 0.0000E+00 -1 -0.100E+00 20.00 0.0000E+00 0.0000E+00
 2 -20.0000 0.000 0.4300 0.2496E+02 0.0000E+00 -0.2496E+01 0.0000E+00 -1 -0.100E+00 20.00 0.1651E-29 0.0000E+00
 3 -40.0000 0.000 0.4300 0.2496E+02 0.0000E+00 -0.2496E+01 0.0000E+00 -1 -0.100E+00 20.00 0.1620E-28 0.0000E+00
 4 -60.0000 0.000 0.4300 0.2496E+02 0.0000E+00 -0.2496E+01 0.0000E+00 -1 -0.100E+00 20.00 0.1187E-27 0.0000E+00
 5 -80.0000 0.000 0.4300 0.2496E+02 0.0000E+00 -0.2496E+01 0.0000E+00 -1 -0.100E+00 20.00 0.7605E-27 0.0000E+00
 6 -100.0000 0.000 0.4300 0.2496E+02 0.0000E+00 -0.2496E+01 0.0000E+00 -1 -0.100E+00 20.00 0.4465E-26 0.0000E+00
 7 -120.0000 0.000 0.4300 0.2496E+02 0.0000E+00 -0.2496E+01 0.0000E+00 -1 -0.100E+00 20.00 0.2452E-25 0.0000E+00
 8 -140.0000 0.000 0.4300 0.2496E+02 0.0000E+00 -0.2496E+01 0.0000E+00 -1 -0.100E+00 20.00 0.1273E-24 0.0000E+00
 9 -160.0000 0.000 0.4300 0.2496E+02 0.0000E+00 -0.2496E+01 0.0000E+00 -1 -0.100E+00 20.00 0.6295E-24 0.0000E+00
 10 -180.0000 0.000 0.4300 0.2496E+02 0.0000E+00 -0.2496E+01 0.0000E+00 -1 -0.100E+00 20.00 0.2977E-23 0.0000E+00
 11 -200.0000 0.000 0.4300 0.2496E+02 0.0000E+00 -0.2496E+01 0.0000E+00 -1 -0.100E+00 20.00 0.1351E-22 0.0000E+00
 12 -220.0000 0.000 0.4300 0.2496E+02 0.0000E+00 -0.2496E+01 0.0000E+00 -1 -0.100E+00 20.00 0.5903E-22 0.0000E+00
 13 -240.0000 0.000 0.4300 0.2496E+02 0.0000E+00 -0.2496E+01 0.0000E+00 -1 -0.100E+00 20.00 0.2486E-21 0.0000E+00
 14 -260.0000 0.000 0.4300 0.2496E+02 0.0000E+00 -0.2496E+01 0.0000E+00 -1 -0.100E+00 20.00 0.1011E-20 0.0000E+00
 15 -280.0000 0.000 0.4300 0.2496E+02 0.0000E+00 -0.2496E+01 0.0000E+00 -1 -0.100E+00 20.00 0.3975E-20 0.0000E+00
 16 -300.0000 0.000 0.4300 0.2496E+02 0.0000E+00 -0.2496E+01 0.0000E+00 -1 -0.100E+00 20.00 0.1513E-19 0.0000E+00
 17 -320.0000 0.000 0.4300 0.2496E+02 0.0000E+00 -0.2496E+01 0.0000E+00 -1 -0.100E+00 20.00 0.5583E-19 0.0000E+00
 18 -340.0000 0.000 0.4300 0.2496E+02 0.0000E+00 -0.2496E+01 0.0000E+00 -1 -0.100E+00 20.00 0.1997E-18 0.0000E+00
 19 -360.0000 0.000 0.4300 0.2496E+02 0.0000E+00 -0.2496E+01 0.0000E+00 -1 -0.100E+00 20.00 0.6937E-18 0.0000E+00
 20 -380.0000 0.000 0.4300 0.2496E+02 0.0000E+00 -0.2496E+01 0.0000E+00 -1 -0.100E+00 20.00 0.2340E-17 0.0000E+00
 21 -400.0000 0.000 0.4300 0.2496E+02 0.0000E+00 -0.2496E+01 0.0000E+00 -1 -0.100E+00 20.00 0.7672E-17 0.0000E+00
 22 -420.0000 0.000 0.4300 0.2496E+02 0.0000E+00 -0.2496E+01 0.0000E+00 -1 -0.100E+00 20.00 0.2447E-16 0.0000E+00
 23 -440.0000 0.000 0.4300 0.2496E+02 0.0000E+00 -0.2496E+01 0.0000E+00 -1 -0.100E+00 20.00 0.7592E-16 0.0000E+00
 24 -460.0000 0.000 0.4300 0.2496E+02 0.0000E+00 -0.2496E+01 0.0000E+00 -1 -0.100E+00 20.00 0.2294E-15 0.0000E+00
 25 -480.0000 0.000 0.4300 0.2496E+02 0.0000E+00 -0.2496E+01 0.0000E+00 -1 -0.100E+00 20.00 0.6752E-15 0.0000E+00
 26 -500.0000 0.000 0.4300 0.2496E+02 0.0000E+00 -0.2496E+01 0.0000E+00 -1 -0.100E+00 20.00 0.1937E-14 0.0000E+00
 27 -520.0000 0.000 0.4300 0.2496E+02 0.0000E+00 -0.2496E+01 0.0000E+00 -1 -0.100E+00 20.00 0.5417E-14 0.0000E+00
 28 -540.0000 0.000 0.4300 0.2496E+02 0.0000E+00 -0.2496E+01 0.0000E+00 -1 -0.100E+00 20.00 0.1478E-13 0.0000E+00
 29 -560.0000 0.000 0.4300 0.2496E+02 0.0000E+00 -0.2496E+01 0.0000E+00 -1 -0.100E+00 20.00 0.3935E-13 0.0000E+00
 30 -580.0000 0.000 0.4300 0.2496E+02 0.0000E+00 -0.2496E+01 0.0000E+00 -1 -0.100E+00 20.00 0.1023E-12 0.0000E+00
 31 -600.0000 0.000 0.4300 0.2496E+02 0.0000E+00 -0.2496E+01 0.0000E+00 -1 -0.100E+00 20.00 0.2597E-12 0.0000E+00
 32 -620.0000 0.000 0.4300 0.2496E+02 0.0000E+00 -0.2496E+01 0.0000E+00 -1 -0.100E+00 20.00 0.6443E-12 0.0000E+00
 33 -640.0000 0.000 0.4300 0.2496E+02 0.0000E+00 -0.2496E+01 0.0000E+00 -1 -0.100E+00 20.00 0.1562E-11 0.0000E+00
 34 -660.0000 0.000 0.4300 0.2496E+02 0.0000E+00 -0.2496E+01 0.0000E+00 -1 -0.100E+00 20.00 0.3703E-11 0.0000E+00
 35 -680.0000 0.000 0.4300 0.2496E+02 0.0000E+00 -0.2496E+01 0.0000E+00 -1 -0.100E+00 20.00 0.8585E-11 0.0000E+00
 36 -700.0000 0.000 0.4300 0.2496E+02 0.0000E+00 -0.2496E+01 0.0000E+00 -1 -0.100E+00 20.00 0.1948E-10 0.0000E+00
 37 -720.0000 0.000 0.4300 0.2496E+02 0.0000E+00 -0.2496E+01 0.0000E+00 -1 -0.100E+00 20.00 0.4339E-10 0.0000E+00
 38 -740.0000 0.000 0.4300 0.2496E+02 0.0000E+00 -0.2496E+01 0.0000E+00 -1 -0.100E+00 20.00 0.1002E-09 0.0000E+00
 39 -760.0000 0.000 0.4300 0.2496E+02 0.0000E+00 -0.2496E+01 0.0000E+00 -1 -0.100E+00 20.00 0.9412E-09 0.0000E+00
 40 -780.0000 0.000 0.4300 0.2496E+02 0.0000E+00 -0.2496E+01 0.0000E+00 -1 -0.100E+00 20.00 0.0000E+00 0.0000E+00
 41 -800.0000 1.238 0.4100 0.1061E+03 0.0000E+00 -0.2496E+01 0.0000E+00 -1 -0.100E+00 20.00 0.2893E-06 0.0000E+00
 42 -820.0000 2.768 0.4100 0.1061E+03 0.0000E+00 -0.2496E+01 0.0000E+00 -1 -0.100E+00 20.00 0.0000E+00 0.0000E+00
 43 -840.0000 4.297 0.4100 0.1061E+03 0.0000E+00 -0.2496E+01 0.0000E+00 -1 -0.100E+00 20.00 0.6165E-04 0.0000E+00
 44 -860.0000 5.827 0.4100 0.1061E+03 0.0000E+00 -0.2496E+01 0.0000E+00 -1 -0.100E+00 20.00 0.4355E-03 0.0000E+00
 45 -880.0000 7.356 0.4100 0.1061E+03 0.0000E+00 -0.2496E+01 0.0000E+00 -1 -0.100E+00 20.00 0.1103E-02 0.0000E+00
 46 -900.0000 8.886 0.4100 0.1061E+03 0.0000E+00 -0.2496E+01 0.0000E+00 -1 -0.100E+00 20.00 0.1795E-02 0.0000E+00
 47 -920.0000 10.415 0.4100 0.1061E+03 0.0000E+00 -0.2496E+01 0.0000E+00 -1 -0.100E+00 20.00 0.2214E-02 0.0000E+00
 48 -940.0000 11.945 0.4100 0.1061E+03 0.0000E+00 -0.2496E+01 0.0000E+00 -1 -0.100E+00 20.00 0.2231E-02 0.0000E+00
 49 -960.0000 13.474 0.4100 0.1061E+03 0.0000E+00 -0.2496E+01 0.0000E+00 -1 -0.100E+00 20.00 0.1917E-02 0.0000E+00
 50 -980.0000 15.004 0.4100 0.1061E+03 0.0000E+00 -0.2496E+01 0.0000E+00 -1 -0.100E+00 20.00 0.1445E-02 0.0000E+00
 51 -1000.0000 16.533 0.4100 0.1061E+03 0.0000E+00 -0.2496E+01 0.0000E+00 -1 -0.100E+00 20.00 0.9737E-03 0.0000E+00
 52 -1020.0000 18.063 0.4100 0.1061E+03 0.0000E+00 -0.2496E+01 0.0000E+00 -1 -0.100E+00 20.00 0.5953E-03 0.0000E+00
 53 -1040.0000 19.592 0.4100 0.1061E+03 0.0000E+00 -0.2496E+01 0.0000E+00 -1 -0.100E+00 20.00 0.3338E-03 0.0000E+00
 54 -1060.0000 21.122 0.4100 0.1061E+03 0.0000E+00 -0.2496E+01 0.0000E+00 -1 -0.100E+00 20.00 0.1732E-03 0.0000E+00
 55 -1080.0000 22.651 0.4100 0.1061E+03 0.0000E+00 -0.2496E+01 0.0000E+00 -1 -0.100E+00 20.00 0.8374E-04 0.0000E+00
 56 -1100.0000 24.181 0.4100 0.1061E+03 0.0000E+00 -0.2496E+01 0.0000E+00 -1 -0.100E+00 20.00 0.3796E-04 0.0000E+00
 57 -1120.0000 25.710 0.4100 0.1061E+03 0.0000E+00 -0.2496E+01 0.0000E+00 -1 -0.100E+00 20.00 0.1621E-04 0.0000E+00
 58 -1140.0000 27.240 0.4100 0.1061E+03 0.0000E+00 -0.2496E+01 0.0000E+00 -1 -0.100E+00 20.00 0.6554E-05 0.0000E+00
 59 -1160.0000 28.769 0.4100 0.1061E+03 0.0000E+00 -0.2496E+01 0.0000E+00 -1 -0.100E+00 20.00 0.2516E-05 0.0000E+00
 60 -1180.0000 30.299 0.4100 0.1061E+03 0.0000E+00 -0.2496E+01 0.0000E+00 -1 -0.100E+00 20.00 0.9222E-06 0.0000E+00
 61 -1200.0000 31.828 0.4100 0.1061E+03 0.0000E+00 -0.2496E+01 0.0000E+00 -1 -0.100E+00 20.00 0.3039E-06 0.0000E+00
 62 -1220.0000 33.066 0.4300 0.2496E+02 0.0000E+00 -0.2496E+01 0.0000E+00 -1 -0.100E+00 20.00 0.2377E-06 0.0000E+00
 63 -1240.0000 33.066 0.4300 0.2496E+02 0.0000E+00 -0.2496E+01 0.0000E+00 -1 -0.100E+00 20.00 0.1903E-06 0.0000E+00
 64 -1260.0000 33.066 0.4300 0.2496E+02 0.0000E+00 -0.2496E+01 0.0000E+00 -1 -0.100E+00 20.00 0.1518E-06 0.0000E+00
 65 -1280.0000 33.066 0.4300 0.2496E+02 0.0000E+00 -0.2496E+01 0.0000E+00 -1 -0.100E+00 20.00 0.1207E-06 0.0000E+00
 66 -1300.0000 33.066 0.4300 0.2496E+02 0.0000E+00 -0.2496E+01 0.0000E+00 -1 -0.100E+00 20.00 0.9566E-07 0.0000E+00
 67 -1320.0000 33.066 0.4300 0.2496E+02 0.0000E+00 -0.2496E+01 0.0000E+00 -1 -0.100E+00 20.00 0.7552E-07 0.0000E+00
 68 -1340.0000 33.066 0.4300 0.2496E+02 0.0000E+00 -0.2496E+01 0.0000E+00 -1 -0.100E+00 20.00 0.5940E-07 0.0000E+00
 69 -1360.0000 33.066 0.4300 0.2496E+02 0.0000E+00 -0.2496E+01 0.0000E+00 -1 -0.100E+00 20.00 0.4656E-07 0.0000E+00
 70 -1380.0000 33.066 0.4300 0.2496E+02 0.0000E+00 -0.2496E+01 0.0000E+00 -1 -0.100E+00 20.00 0.3636E-07 0.0000E+00
 71 -1400.0000 33.066 0.4300 0.2496E+02 0.0000E+00 -0.2496E+01 0.0000E+00 -1 -0.100E+00 20.00 0.2829E-07 0.0000E+00
 72 -1420.0000 33.066 0.4300 0.2496E+02 0.0000E+00 -0.2496E+01 0.0000E+00 -1 -0.100E+00 20.00 0.2193E-07 0.0000E+00
 73 -1440.0000 33.066 0.4300 0.2496E+02 0.0000E+00 -0.2496E+01 0.0000E+00 -1 -0.100E+00 20.00 0.1693E-07 0.0000E+00
 74 -1460.0000 33.066 0.4300 0.2496E+02 0.0000E+00 -0.2496E+01 0.0000E+00 -1 -0.100E+00 20.00 0.1303E-07 0.0000E+00
 75 -1480.0000 33.066 0.4300 0.2496E+02 0.0000E+00 -0.2496E+01 0.0000E+00 -1 -0.100E+00 20.00 0.9984E-08 0.0000E+00
 76 -1500.0000 33.066 0.4300 0.2496E+02 0.0000E+00 -0.2496E+01 0.0000E+00 -1 -0.100E+00 20.00 0.7623E-08 0.0000E+00
 77 -1520.0000 33.066 0.4300 0.2496E+02 0.0000E+00 -0.2496E+01 0.0000E+00 -1 -0.100E+00 20.00 0.5798E-08 0.0000E+00
 78 -1540.0000 33.066 0.4300 0.2496E+02 0.0000E+00 -0.2496E+01 0.0000E+00 -1 -0.100E+00 20.00 0.4393E-08 0.0000E+00
 79 -1560.0000 33.066 0.4300 0.2496E+02 0.0000E+00 -0.2496E+01 0.0000E+00 -1 -0.100E+00 20.00 0.3315E-08 0.0000E+00
 80 -1580.0000 33.066 0.4300 0.2496E+02 0.0000E+00 -0.2496E+01 0.0000E+00 -1 -0.100E+00 20.00 0.2492E-08 0.0000E+00
 81 -1600.0000 33.066 0.4300 0.2496E+02 0.0000E+00 -0.2496E+01 0.0000E+00 -1 -0.100E+00 20.00 0.1866E-08 0.0000E+00
 82 -1620.0000 33.066 0.4300 0.2496E+02 0.0000E+00 -0.2496E+01 0.0000E+00 -1 -0.100E+00 20.00 0.1392E-08 0.0000E+00
 83 -1640.0000 33.066 0.4300 0.2496E+02 0.0000E+00 -0.2496E+01 0.0000E+00 -1 -0.100E+00 20.00 0.1034E-08 0.0000E+00
 84 -1660.0000 33.066 0.4300 0.2496E+02 0.0000E+00 -0.2496E+01 0.0000E+00 -1 -0.100E+00 20.00 0.7652E-09 0.0000E+00
 85 -1680.0000 33.066 0.4300 0.2496E+02 0.0000E+00 -0.2496E+01 0.0000E+00 -1 -0.100E+00 20.00 0.5639E-09 0.0000E+00
 86 -1700.0000 33.066 0.4300 0.2496E+02 0.0000E+00 -0.2496E+01 0.0000E+00 -1 -0.100E+00 20.00 0.4139E-09 0.0000E+00
 87 -1720.0000 33.066 0.4300 0.2496E+02 0.0000E+00 -0.2496E+01 0.0000E+00 -1 -0.100E+00 20.00 0.3026E-09 0.0000E+00
 88 -1740.0000 33.066 0.4300 0.2496E+02 0.0000E+00 -0.2496E+01 0.0000E+00 -1 -0.100E+00 20.00 0.2203E-09 0.0000E+00
 89 -1760.0000 33.066 0.4300 0.2496E+02 0.0000E+00 -0.2496E+01 0.0000E+00 -1 -0.100E+00 20.00 0.1597E-09 0.0000E+00
 90 -1780.0000 33.066 0.4300 0.2496E+02 0.0000E+00 -0.2496E+01 0.0000E+00 -1 -0.100E+00 20.00 0.1154E-09 0.0000E+00
 91 -1800.0000 33.066 0.4300 0.2496E+02 0.0000E+00 -0.2496E+01 0.0000E+00 -1 -0.100E+00 20.00 0.8296E-10 0.0000E+00
 92 -1820.0000 33.066 0.4300 0.2496E+02 0.0000E+00 -0.2496E+01 0.0000E+00 -1 -0.100E+00 20.00 0.5941E-10 0.0000E+00
 93 -1840.0000 33.066 0.4300 0.2496E+02 0.0000E+00 -0.2496E+01 0.0000E+00 -1 -0.100E+00 20.00 0.4237E-10 0.0000E+00
 94 -1860.0000 33.066 0.4300 0.2496E+02 0.0000E+00 -0.2496E+01 0.0000E+00 -1 -0.100E+00 20.00 0.3010E-10 0.0000E+00
 95 -1880.0000 33.066 0.4300 0.2496E+02 0.0000E+00 -0.2496E+01 0.0000E+00 -1 -0.100E+00 20.00 0.2129E-10 0.0000E+00
 96 -1900.0000 33.066 0.4300 0.2496E+02 0.0000E+00 -0.2496E+01 0.0000E+00 -1 -0.100E+00 20.00 0.1499E-10 0.0000E+00
 97 -1920.0000 33.066 0.4300 0.2496E+02 0.0000E+00 -0.2496E+01 0.0000E+00 -1 -0.100E+00 20.00 0.1051E-10 0.0000E+00
 98 -1940.0000 33.066 0.4300 0.2496E+02 0.0000E+00 -0.2496E+01 0.0000E+00 -1 -0.100E+00 20.00 0.7343E-11 0.0000E+00
 99 -1960.0000 33.066 0.4300 0.2496E+02 0.0000E+00 -0.2496E+01 0.0000E+00 -1 -0.100E+00 20.00 0.5106E-11 0.0000E+00
 100 -1980.0000 33.066 0.4300 0.2496E+02 0.0000E+00 -0.2496E+01 0.0000E+00 -1 -0.100E+00 20.00 0.3533E-11 0.0000E+00
 101 -2000.0000 33.066 0.4300 0.2496E+02 0.0000E+00 -0.2496E+01 0.0000E+00 -1 -0.100E+00 20.00 0.3533E-11 0.0000E+00
 1 0.0000 0.000 0.4300 0.2496E+02 0.0000E+00 -0.2496E+01 0.0000E+00 -1 -0.100E+00 20.00 0.0000E+00 0.0000E+00
 2 -20.0000 0.000 0.4300 0.2496E+02 0.0000E+00 -0.2496E+01 0.0000E+00 -1 -0.100E+00 20.00 0.0000E+00 0.0000E+00
 3 -40.0000 0.000 0.4300 0.2496E+02 0.0000E+00 -0.2496E+01 0.0000E+00 -1 -0.100E+00 20.00 0.0000E+00 0.0000E+00
 4 -60.0000 0.000 0.4300 0.2496E+02 0.0000E+00 -0.2496E+01 0.0000E+00 -1 -0.100E+00 20.00 0.0000E+00 0.0000E+00
 5 -80.0000 0.000 0.4300 0.2496E+02 0.0000E+00 -0.2496E+01 0.0000E+00 -1 -0.100E+00 20.00 0.0000E+00 0.0000E+00
 6 -100.0000 0.000 0.4300 0.2496E+02 0.0000E+00 -0.2496E+01 0.0000E+00 -1 -0.100E+00 20.00 0.0000E+00 0.0000E+00
 7 -120.0000 0.000 0.4300 0.2496E+02 0.0000E+00 -0.2496E+01 0.0000E+00 -1 -0.100E+00 20.00 0.0000E+00 0.0000E+00
 8 -140.0000 0.000 0.4300 0.2496E+02 0.0000E+00 -0.2496E+01 0.0000E+00 -1 -0.100E+00 20.00 0.0000E+00 0.0000E+00
 9 -160.0000 0.000 0.4300 0.2496E+02 0.0000E+00 -0.2496E+01 0.0000E+00 -1 -0.100E+00 20.00 0.0000E+00 0.0000E+00
 10 -180.0000 0.000 0.4300 0.2496E+02 0.0000E+00 -0.2496E+01 0.0000E+00 -1 -0.100E+00 20.00 0.0000E+00 0.0000E+00
 11 -200.0000 0.000 0.4300 0.2496E+02 0.0000E+00 -0.2496E+01 0.0000E+00 -1 -0.100E+00 20.00 0.0000E+00 0.0000E+00
 12 -220.0000 0.000 0.4300 0.2496E+02 0.0000E+00 -0.2496E+01 0.0000E+00 -1 -0.100E+00 20.00 0.3471E-29 0.0000E+00
 13 -240.0000 0.000 0.4300 0.2496E+02 0.0000E+00 -0.2496E+01 0.0000E+00 -1 -0.100E+00 20.00 0.1924E-28 0.0000E+00
 14 -260.0000 0.000 0.4300 0.2496E+02 0.0000E+00 -0.2496E+01 0.0000E+00 -1 -0.100E+00 20.00 0.8732E-28 0.0000E+00
 15 -280.0000 0.000 0.4300 0.2496E+02 0.0000E+00 -0.2496E+01 0.0000E+00 -1 -0.100E+00 20.00 0.3762E-27 0.0000E+00
 16 -300.0000 0.000 0.4300 0.2496E+02 0.0000E+00 -0.2496E+01 0.0000E+00 -1 -0.100E+00 20.00 0.1569E-26 0.0000E+00
 17 -320.0000 0.000 0.4300 0.2496E+02 0.0000E+00 -0.2496E+01 0.0000E+00 -1 -0.100E+00 20.00 0.6365E-26 0.0000E+00
 18 -340.0000 0.000 0.4300 0.2496E+02 0.0000E+00 -0.2496E+01 0.0000E+00 -1 -0.100E+00 20.00 0.2516E-25 0.0000E+00
 19 -360.0000 0.000 0.4300 0.2496E+02 0.0000E+00 -0.2496E+01 0.0000E+00 -1 -0.100E+00 20.00 0.9694E-25 0.0000E+00
 20 -380.0000 0.000 0.4300 0.2496E+02 0.0000E+00 -0.2496E+01 0.0000E+00 -1 -0.100E+00 20.00 0.3644E-24 0.0000E+00
 21 -400.0000 0.000 0.4300 0.2496E+02 0.0000E+00 -0.2496E+01 0.0000E+00 -1 -0.100E+00 20.00 0.1338E-23 0.0000E+00
 22 -420.0000 0.000 0.4300 0.2496E+02 0.0000E+00 -0.2496E+01 0.0000E+00 -1 -0.100E+00 20.00 0.4794E-23 0.0000E+00
 23 -440.0000 0.000 0.4300 0.2496E+02 0.0000E+00 -0.2496E+01 0.0000E+00 -1 -0.100E+00 20.00 0.1679E-22 0.0000E+00
 24 -460.0000 0.000 0.4300 0.2496E+02 0.0000E+00 -0.2496E+01 0.0000E+00 -1 -0.100E+00 20.00 0.5748E-22 0.0000E+00
 25 -480.0000 0.000 0.4300 0.2496E+02 0.0000E+00 -0.2496E+01 0.0000E+00 -1 -0.100E+00 20.00 0.1924E-21 0.0000E+00
 26 -500.0000 0.000 0.4300 0.2496E+02 0.0000E+00 -0.2496E+01 0.0000E+00 -1 -0.100E+00 20.00 0.6301E-21 0.0000E+00
 27 -520.0000 0.000 0.4300 0.2496E+02 0.0000E+00 -0.2496E+01 0.0000E+00 -1 -0.100E+00 20.00 0.2019E-20 0.0000E+00
 28 -540.0000 0.000 0.4300 0.2496E+02 0.0000E+00 -0.2496E+01 0.0000E+00 -1 -0.100E+00 20.00 0.6335E-20 0.0000E+00
 29 -560.0000 0.000 0.4300 0.2496E+02 0.0000E+00 -0.2496E+01 0.0000E+00 -1 -0.100E+00 20.00 0.1946E-19 0.0000E+00
 30 -580.0000 0.000 0.4300 0.2496E+02 0.0000E+00 -0.2496E+01 0.0000E+00 -1 -0.100E+00 20.00 0.5856E-19 0.0000E+00
 31 -600.0000 0.000 0.4300 0.2496E+02 0.0000E+00 -0.2496E+01 0.0000E+00 -1 -0.100E+00 20.00 0.1726E-18 0.0000E+00
 32 -620.0000 0.000 0.4300 0.2496E+02 0.0000E+00 -0.2496E+01 0.0000E+00 -1 -0.100E+00 20.00 0.4989E-18 0.0000E+00
 33 -640.0000 0.000 0.4300 0.2496E+02 0.0000E+00 -0.2496E+01 0.0000E+00 -1 -0.100E+00 20.00 0.1413E-17 0.0000E+00
 34 -660.0000 0.000 0.4300 0.2496E+02 0.0000E+00 -0.2496E+01 0.0000E+00 -1 -0.100E+00 20.00 0.3996E-17 0.0000E+00
 35 -680.0000 0.000 0.4300 0.2496E+02 0.0000E+00 -0.2496E+01 0.0000E+00 -1 -0.100E+00 20.00 0.1651E-16 0.0000E+00
 36 -700.0000 0.000 0.4300 0.2496E+02 0.0000E+00 -0.2496E+01 0.0000E+00 -1 -0.100E+00 20.00 0.1669E-15 0.0000E+00
 37 -720.0000 0.000 0.4300 0.2496E+02 0.0000E+00 -0.2496E+01 0.0000E+00 -1 -0.100E+00 20.00 0.1510E-14 0.0000E+00
 38 -740.0000 0.000 0.4300 0.2496E+02 0.0000E+00 -0.2496E+01 0.0000E+00 -1 -0.100E+00 20.00 0.3653E-13 0.0000E+00
 39 -760.0000 0.000 0.4300 0.2496E+02 0.0000E+00 -0.2496E+01 0.0000E+00 -1 -0.100E+00 20.00 0.3277E-11 0.0000E+00
 40 -780.0000 0.000 0.4300 0.2496E+02 0.0000E+00 -0.2496E+01 0.0000E+00 -1 -0.100E+00 20.00 0.2157E-09 0.0000E+00
 41 -800.0000 1.238 0.4100 0.1061E+03 0.0000E+00 -0.2496E+01 0.0000E+00 -1 -0.100E+00 20.00 0.0000E+00 0.0000E+00
 42 -820.0000 2.768 0.4100 0.1061E+03 0.0000E+00 -0.2496E+01 0.0000E+00 -1 -0.100E+00 20.00 0.8145E-07 0.0000E+00
 43 -840.0000 4.297 0.4100 0.1061E+03 0.0000E+00 -0.2496E+01 0.0000E+00 -1 -0.100E+00 20.00 0.2175E-06 0.0000E+00
 44 -860.0000 5.827 0.4100 0.1061E+03 0.0000E+00 -0.2496E+01 0.0000E+00 -1 -0.100E+00 20.00 0.0000E+00 0.0000E+00
 45 -880.0000 7.356 0.4100 0.1061E+03 0.0000E+00 -0.2496E+01 0.0000E+00 -1 -0.100E+00 20.00 0.6986E-05 0.0000E+00
 46 -900.0000 8.886 0.4100 0.1061E+03 0.0000E+00 -0.2496E+01 0.0000E+00 -1 -0.100E+00 20.00 0.1298E-03 0.0000E+00
 47 -920.0000 10.415 0.4100 0.1061E+03 0.0000E+00 -0.2496E+01 0.0000E+00 -1 -0.100E+00 20.00 0.4461E-03 0.0000E+00
 48 -940.0000 11.945 0.4100 0.1061E+03 0.0000E+00 -0.2496E+01 0.0000E+00 -1 -0.100E+00 20.00 0.9266E-03 0.0000E+00
 49 -960.0000 13.474 0.4100 0.1061E+03 0.0000E+00 -0.2496E+01 0.0000E+00 -1 -0.100E+00 20.00 0.1437E-02 0.0000E+00
 50 -980.0000 15.004 0.4100 0.1061E+03 0.0000E+00 -0.2496E+01 0.0000E+00 -1 -0.100E+00 20.00 0.1816E-02 0.0000E+00
 51 -1000.0000 16.533 0.4100 0.1061E+03 0.0000E+00 -0.2496E+01 0.0000E+00 -1 -0.100E+00 20.00 0.1955E-02 0.0000E+00
 52 -1020.0000 18.063 0.4100 0.1061E+03 0.0000E+00 -0.2496E+01 0.0000E+00 -1 -0.100E+00 20.00 0.1849E-02 0.0000E+00
 53 -1040.0000 19.592 0.4100 0.1061E+03 0.0000E+00 -0.2496E+01 0.0000E+00 -1 -0.100E+00 20.00 0.1564E-02 0.0000E+00
 54 -1060.0000 21.122 0.4100 0.1061E+03 0.0000E+00 -0.2496E+01 0.0000E+00 -1 -0.100E+00 20.00 0.1202E-02 0.0000E+00
 55 -1080.0000 22.651 0.4100 0.1061E+03 0.0000E+00 -0.2496E+01 0.0000E+00 -1 -0.100E+00 20.00 0.8481E-03 0.0000E+00
 56 -1100.0000 24.181 0.4100 0.1061E+03 0.0000E+00 -0.2496E+01 0.0000E+00 -1 -0.100E+00 20.00 0.5540E-03 0.0000E+00
 57 -1120.0000 25.710 0.4100 0.1061E+03 0.0000E+00 -0.2496E+01 0.0000E+00 -1 -0.100E+00 20.00 0.3374E-03 0.0000E+00
 58 -1140.0000 27.240 0.4100 0.1061E+03 0.0000E+00 -0.2496E+01 0.0000E+00 -1 -0.100E+00 20.00 0.1928E-03 0.0000E+00
 59 -1160.0000 28.769 0.4100 0.1061E+03 0.0000E+00 -0.2496E+01 0.0000E+00 -1 -0.100E+00 20.00 0.1037E-03 0.0000E+00
 60 -1180.0000 30.299 0.4100 0.1061E+03 0.0000E+00 -0.2496E+01 0.0000E+00 -1 -0.100E+00 20.00 0.5311E-04 0.0000E+00
 61 -1200.0000 31.828 0.4100 0.1061E+03 0.0000E+00 -0.2496E+01 0.0000E+00 -1 -0.100E+00 20.00 0.2398E-04 0.0000E+00
 62 -1220.0000 33.066 0.4300 0.2496E+02 0.0000E+00 -0.2496E+01 0.0000E+00 -1 -0.100E+00 20.00 0.2054E-04 0.0000E+00
 63 -1240.0000 33.066 0.4300 0.2496E+02 0.0000E+00 -0.2496E+01 0.0000E+00 -1 -0.100E+00 20.00 0.1787E-04 0.0000E+00
 64 -1260.0000 33.066 0.4300 0.2496E+02 0.0000E+00 -0.2496E+01 0.0000E+00 -1 -0.100E+00 20.00 0.1551E-04 0.0000E+00
 65 -1280.0000 33.066 0.4300 0.2496E+02 0.0000E+00 -0.2496E+01 0.0000E+00 -1 -0.100E+00 20.00 0.1342E-04 0.0000E+00
 66 -1300.0000 33.066 0.4300 0.2496E+02 0.0000E+00 -0.2496E+01 0.0000E+00 -1 -0.100E+00 20.00 0.1158E-04 0.0000E+00
 67 -1320.0000 33.066 0.4300 0.2496E+02 0.0000E+00 -0.2496E+01 0.0000E+00 -1 -0.100E+00 20.00 0.9970E-05 0.0000E+00
 68 -1340.0000 33.066 0.4300 0.2496E+02 0.0000E+00 -0.2496E+01 0.0000E+00 -1 -0.100E+00 20.00 0.8560E-05 0.0000E+00
 69 -1360.0000 33.066 0.4300 0.2496E+02 0.0000E+00 -0.2496E+01 0.0000E+00 -1 -0.100E+00 20.00 0.7330E-05 0.0000E+00
 70 -1380.0000 33.066 0.4300 0.2496E+02 0.0000E+00 -0.2496E+01 0.0000E+00 -1 -0.100E+00 20.00 0.6259E-05 0.0000E+00
 71 -1400.0000 33.066 0.4300 0.2496E+02 0.0000E+00 -0.2496E+01 0.0000E+00 -1 -0.100E+00 20.00 0.5331E-05 0.0000E+00
 72 -1420.0000 33.066 0.4300 0.2496E+02 0.0000E+00 -0.2496E+01 0.0000E+00 -1 -0.100E+00 20.00 0.4528E-05 0.0000E+00
 73 -1440.0000 33.066 0.4300 0.2496E+02 0.0000E+00 -0.2496E+01 0.0000E+00 -1 -0.100E+00 20.00 0.3835E-05 0.0000E+00
 74 -1460.0000 33.066 0.4300 0.2496E+02 0.0000E+00 -0.2496E+01 0.0000E+00 -1 -0.100E+00 20.00 0.3239E-05 0.0000E+00
 75 -1480.0000 33.066 0.4300 0.2496E+02 0.0000E+00 -0.2496E+01 0.0000E+00 -1 -0.100E+00 20.00 0.2728E-05 0.0000E+00
 76 -1500.0000 33.066 0.4300 0.2496E+02 0.0000E+00 -0.2496E+01 0.0000E+00 -1 -0.100E+00 20.00 0.2292E-05 0.0000E+00
 77 -1520.0000 33.066 0.4300 0.2496E+02 0.0000E+00 -0.2496E+01 0.0000E+00 -1 -0.100E+00 20.00 0.1919E-05 0.0000E+00
 78 -1540.0000 33.066 0.4300 0.2496E+02 0.0000E+00 -0.2496E+01 0.0000E+00 -1 -0.100E+00 20.00 0.1603E-05 0.0000E+00
 79 -1560.0000 33.066 0.4300 0.2496E+02 0.0000E+00 -0.2496E+01 0.0000E+00 -1 -0.100E+00 20.00 0.1335E-05 0.0000E+00
 80 -1580.0000 33.066 0.4300 0.2496E+02 0.0000E+00 -0.2496E+01 0.0000E+00 -1 -0.100E+00 20.00 0.1108E-05 0.0000E+00
 81 -1600.0000 33.066 0.4300 0.2496E+02 0.0000E+00 -0.2496E+01 0.0000E+00 -1 -0.100E+00 20.00 0.9177E-06 0.0000E+00
 82 -1620.0000 33.066 0.4300 0.2496E+02 0.0000E+00 -0.2496E+01 0.0000E+00 -1 -0.100E+00 20.00 0.7575E-06 0.0000E+00
 83 -1640.0000 33.066 0.4300 0.2496E+02 0.0000E+00 -0.2496E+01 0.0000E+00 -1 -0.100E+00 20.00 0.6235E-06 0.0000E+00
 84 -1660.0000 33.066 0.4300 0.2496E+02 0.0000E+00 -0.2496E+01 0.0000E+00 -1 -0.100E+00 20.00 0.5116E-06 0.0000E+00
 85 -1680.0000 33.066 0.4300 0.2496E+02 0.0000E+00 -0.2496E+01 0.0000E+00 -1 -0.100E+00 20.00 0.4186E-06 0.0000E+00
 86 -1700.0000 33.066 0.4300 0.2496E+02 0.0000E+00 -0.2496E+01 0.0000E+00 -1 -0.100E+00 20.00 0.3414E-06 0.0000E+00
 87 -1720.0000 33.066 0.4300 0.2496E+02 0.0000E+00 -0.2496E+01 0.0000E+00 -1 -0.100E+00 20.00 0.2776E-06 0.0000E+00
 88 -1740.0000 33.066 0.4300 0.2496E+02 0.0000E+00 -0.2496E+01 0.0000E+00 -1 -0.100E+00 20.00 0.2251E-06 0.0000E+00
 89 -1760.0000 33.066 0.4300 0.2496E+02 0.0000E+00 -0.2496E+01 0.0000E+00 -1 -0.100E+00 20.00 0.1819E-06 0.0000E+00
 90 -1780.0000 33.066 0.4300 0.2496E+02 0.0000E+00 -0.2496E+01 0.0000E+00 -1 -0.100E+00 20.00 0.1466E-06 0.0000E+00
 91 -1800.0000 33.066 0.4300 0.2496E+02 0.0000E+00 -0.2496E+01 0.0000E+00 -1 -0.100E+00 20.00 0.1177E-06 0.0000E+00
 92 -1820.0000 33.066 0.4300 0.2496E+02 0.0000E+00 -0.2496E+01 0.0000E+00 -1 -0.100E+00 20.00 0.9424E-07 0.0000E+00
 93 -1840.0000 33.066 0.4300 0.2496E+02 0.0000E+00 -0.2496E+01 0.0000E+00 -1 -0.100E+00 20.00 0.7522E-07 0.0000E+00
 94 -1860.0000 33.066 0.4300 0.2496E+02 0.0000E+00 -0.2496E+01 0.0000E+00 -1 -0.100E+00 20.00 0.5984E-07 0.0000E+00
 95 -1880.0000 33.066 0.4300 0.2496E+02 0.0000E+00 -0.2496E+01 0.0000E+00 -1 -0.100E+00 20.00 0.4746E-07 0.0000E+00
 96 -1900.0000 33.066 0.4300 0.2496E+02 0.0000E+00 -0.2496E+01 0.0000E+00 -1 -0.100E+00 20.00 0.3751E-07 0.0000E+00
 97 -1920.0000 33.066 0.4300 0.2496E+02 0.0000E+00 -0.2496E+01 0.0000E+00 -1 -0.100E+00 20.00 0.2956E-07 0.0000E+00
 98 -1940.0000 33.066 0.4300 0.2496E+02 0.0000E+00 -0.2496E+01 0.0000E+00 -1 -0.100E+00 20.00 0.2322E-07 0.0000E+00
 99 -1960.0000 33.066 0.4300 0.2496E+02 0.0000E+00 -0.2496E+01 0.0000E+00 -1 -0.100E+00 20.00 0.1817E-07 0.0000E+00
 100 -1980.0000 33.066 0.4300 0.2496E+02 0.0000E+00 -0.2496E+01 0.0000E+00 -1 -0.100E+00 20.00 0.1418E-07 0.0000E+00
 101 -2000.0000 33.066 0.4300 0.2496E+02 0.0000E+00 -0.2496E+01 0.0000E+00 -1 -0.100E+00 20.00 0.1418E-07 0.0000E+00
 1 0.0000 0.000 0.4300 0.2496E+02 0.0000E+00 -0.2496E+01 0.0000E+00 -1 -0.100E+00 20.00 0.0000E+00 0.0000E+00
 2 -20.0000 0.000 0.4300 0.2496E+02 0.0000E+00 -0.2496E+01 0.0000E+00 -1 -0.100E+00 20.00 0.0000E+00 0.0000E+00
 3 -40.0000 0.000 0.4300 0.2496E+02 0.0000E+00 -0.2496E+01 0.0000E+00 -1 -0.100E+00 20.00 0.0000E+00 0.0000E+00
 4 -60.0000 0.000 0.4300 0.2496E+02 0.0000E+00 -0.2496E+01 0.0000E+00 -1 -0.100E+00 20.00 0.0000E+00 0.0000E+00
 5 -80.0000 0.000 0.4300 0.2496E+02 0.0000E+00 -0.2496E+01 0.0000E+00 -1 -0.100E+00 20.00 0.0000E+00 0.0000E+00
 6 -100.0000 0.000 0.4300 0.2496E+02 0.0000E+00 -0.2496E+01 0.0000E+00 -1 -0.100E+00 20.00 0.0000E+00 0.0000E+00
 7 -120.0000 0.000 0.4300 0.2496E+02 0.0000E+00 -0.2496E+01 0.0000E+00 -1 -0.100E+00 20.00 0.0000E+00 0.0000E+00
 8 -140.0000 0.000 0.4300 0.2496E+02 0.0000E+00 -0.2496E+01 0.0000E+00 -1 -0.100E+00 20.00 0.0000E+00 0.0000E+00
 9 -160.0000 0.000 0.4300 0.2496E+02 0.0000E+00 -0.2496E+01 0.0000E+00 -1 -0.100E+00 20.00 0.0000E+00 0.0000E+00
 10 -180.0000 0.000 0.4300 0.2496E+02 0.0000E+00 -0.2496E+01 0.0000E+00 -1 -0.100E+00 20.00 0.0000E+00 0.0000E+00
 11 -200.0000 0.000 0.4300 0.2496E+02 0.0000E+00 -0.2496E+01 0.0000E+00 -1 -0.100E+00 20.00 0.0000E+00 0.0000E+00
 12 -220.0000 0.000 0.4300 0.2496E+02 0.0000E+00 -0.2496E+01 0.0000E+00 -1 -0.100E+00 20.00 0.0000E+00 0.0000E+00
 13 -240.0000 0.000 0.4300 0.2496E+02 0.0000E+00 -0.2496E+01 0.0000E+00 -1 -0.100E+00 20.00 0.0000E+00 0.0000E+00
 14 -260.0000 0.000 0.4300 0.2496E+02 0.0000E+00 -0.2496E+01 0.0000E+00 -1 -0.100E+00 20.00 0.0000E+00 0.0000E+00
 15 -280.0000 0.000 0.4300 0.2496E+02 0.0000E+00 -0.2496E+01 0.0000E+00 -1 -0.100E+00 20.00 0.0000E+00 0.0000E+00
 16 -300.0000 0.000 0.4300 0.2496E+02 0.0000E+00 -0.2496E+01 0.0000E+00 -1 -0.100E+00 20.00 0.0000E+00 0.0000E+00
 17 -320.0000 0.000 0.4300 0.2496E+02 0.0000E+00 -0.2496E+01 0.0000E+00 -1 -0.100E+00 20.00 0.0000E+00 0.0000E+00
 18 -340.0000 0.000 0.4300 0.2496E+02 0.0000E+00 -0.2496E+01 0.0000E+00 -1 -0.100E+00 20.00 0.0000E+00 0.0000E+00
 19 -360.0000 0.000 0.4300 0.2496E+02 0.0000E+00 -0.2496E+01 0.0000E+00 -1 -0.100E+00 20.00 0.0000E+00 0.0000E+00
 20 -380.0000 0.000 0.4300 0.2496E+02 0.0000E+00 -0.2496E+01 0.0000E+00 -1 -0.100E+00 20.00 0.0000E+00 0.0000E+00
 21 -400.0000 0.000 0.4300 0.2496E+02 0.0000E+00 -0.2496E+01 0.0000E+00 -1 -0.100E+00 20.00 0.0000E+00 0.0000E+00
 22 -420.0000 0.000 0.4300 0.2496E+02 0.0000E+00 -0.2496E+01 0.0000E+00 -1 -0.100E+00 20.00 0.0000E+00 0.0000E+00
 23 -440.0000 0.000 0.4300 0.2496E+02 0.0000E+00 -0.2496E+01 0.0000E+00 -1 -0.100E+00 20.00 0.1496E-29 0.0000E+00
 24 -460.0000 0.000 0.4300 0.2496E+02 0.0000E+00 -0.2496E+01 0.0000E+00 -1 -0.100E+00 20.00 0.8059E-29 0.0000E+00
 25 -480.0000 0.000 0.4300 0.2496E+02 0.0000E+00 -0.2496E+01 0.0000E+00 -1 -0.100E+00 20.00 0.3202E-28 0.0000E+00
 26 -500.0000 0.000 0.4300 0.2496E+02 0.0000E+00 -0.2496E+01 0.0000E+00 -1 -0.100E+00 20.00 0.1172E-27 0.0000E+00
 27 -520.0000 0.000 0.4300 0.2496E+02 0.0000E+00 -0.2496E+01 0.0000E+00 -1 -0.100E+00 20.00 0.4149E-27 0.0000E+00
 28 -540.0000 0.000 0.4300 0.2496E+02 0.0000E+00 -0.2496E+01 0.0000E+00 -1 -0.100E+00 20.00 0.1436E-26 0.0000E+00
 29 -560.0000 0.000 0.4300 0.2496E+02 0.0000E+00 -0.2496E+01 0.0000E+00 -1 -0.100E+00 20.00 0.4873E-26 0.0000E+00
 30 -580.0000 0.000 0.4300 0.2496E+02 0.0000E+00 -0.2496E+01 0.0000E+00 -1 -0.100E+00 20.00 0.1620E-25 0.0000E+00
 31 -600.0000 0.000 0.4300 0.2496E+02 0.0000E+00 -0.2496E+01 0.0000E+00 -1 -0.100E+00 20.00 0.5323E-25 0.0000E+00
 32 -620.0000 0.000 0.4300 0.2496E+02 0.0000E+00 -0.2496E+01 0.0000E+00 -1 -0.100E+00 20.00 0.2842E-24 0.0000E+00
 33 -640.0000 0.000 0.4300 0.2496E+02 0.0000E+00 -0.2496E+01 0.0000E+00 -1 -0.100E+00 20.00 0.4554E-23 0.0000E+00
 34 -660.0000 0.000 0.4300 0.2496E+02 0.0000E+00 -0.2496E+01 0.0000E+00 -1 -0.100E+00 20.00 0.6206E-22 0.0000E+00
 35 -680.0000 0.000 0.4300 0.2496E+02 0.0000E+00 -0.2496E+01 0.0000E+00 -1 -0.100E+00 20.00 0.1298E-20 0.0000E+00
 36 -700.0000 0.000 0.4300 0.2496E+02 0.0000E+00 -0.2496E+01 0.0000E+00 -1 -0.100E+00 20.00 0.2448E-18 0.0000E+00
 37 -720.0000 0.000 0.4300 0.2496E+02 0.0000E+00 -0.2496E+01 0.0000E+00 -1 -0.100E+00 20.00 0.2978E-16 0.0000E+00
 38 -740.0000 0.000 0.4300 0.2496E+02 0.0000E+00 -0.2496E+01 0.0000E+00 -1 -0.100E+00 20.00 0.2641E-14 0.0000E+00
 39 -760.0000 0.000 0.4300 0.2496E+02 0.0000E+00 -0.2496E+01 0.0000E+00 -1 -0.100E+00 20.00 0.1917E-12 0.0000E+00
 40 -780.0000 0.000 0.4300 0.2496E+02 0.0000E+00 -0.2496E+01 0.0000E+00 -1 -0.100E+00 20.00 0.0000E+00 0.0000E+00
 41 -800.0000 1.238 0.4100 0.1061E+03 0.0000E+00 -0.2496E+01 0.0000E+00 -1 -0.100E+00 20.00 0.6526E-10 0.0000E+00
 42 -820.0000 2.768 0.4100 0.1061E+03 0.0000E+00 -0.2496E+01 0.0000E+00 -1 -0.100E+00 20.00 0.3776E-10 0.0000E+00
 43 -840.0000 4.297 0.4100 0.1061E+03 0.0000E+00 -0.2496E+01 0.0000E+00 -1 -0.100E+00 20.00 0.0000E+00 0.0000E+00
 44 -860.0000 5.827 0.4100 0.1061E+03 0.0000E+00 -0.2496E+01 0.0000E+00 -1 -0.100E+00 20.00 0.4783E-07 0.0000E+00
 45 -880.0000 7.356 0.4100 0.1061E+03 0.0000E+00 -0.2496E+01 0.0000E+00 -1 -0.100E+00 20.00 0.1350E-06 0.0000E+00
 46 -900.0000 8.886 0.4100 0.1061E+03 0.0000E+00 -0.2496E+01 0.0000E+00 -1 -0.100E+00 20.00 0.7678E-07 0.0000E+00
 47 -920.0000 10.415 0.4100 0.1061E+03 0.0000E+00 -0.2496E+01 0.0000E+00 -1 -0.100E+00 20.00 0.0000E+00 0.0000E+00
 48 -940.0000 11.945 0.4100 0.1061E+03 0.0000E+00 -0.2496E+01 0.0000E+00 -1 -0.100E+00 20.00 0.2806E-04 0.0000E+00
 49 -960.0000 13.474 0.4100 0.1061E+03 0.0000E+00 -0.2496E+01 0.0000E+00 -1 -0.100E+00 20.00 0.1529E-03 0.0000E+00
 50 -980.0000 15.004 0.4100 0.1061E+03 0.0000E+00 -0.2496E+01 0.0000E+00 -1 -0.100E+00 20.00 0.4098E-03 0.0000E+00
 51 -1000.0000 16.533 0.4100 0.1061E+03 0.0000E+00 -0.2496E+01 0.0000E+00 -1 -0.100E+00 20.00 0.7797E-03 0.0000E+00
 52 -1020.0000 18.063 0.4100 0.1061E+03 0.0000E+00 -0.2496E+01 0.0000E+00 -1 -0.100E+00 20.00 0.1186E-02 0.0000E+00
 53 -1040.0000 19.592 0.4100 0.1061E+03 0.0000E+00 -0.2496E+01 0.0000E+00 -1 -0.100E+00 20.00 0.1526E-02 0.0000E+00
 54 -1060.0000 21.122 0.4100 0.1061E+03 0.0000E+00 -0.2496E+01 0.0000E+00 -1 -0.100E+00 20.00 0.1718E-02 0.0000E+00
 55 -1080.0000 22.651 0.4100 0.1061E+03 0.0000E+00 -0.2496E+01 0.0000E+00 -1 -0.100E+00 20.00 0.1729E-02 0.0000E+00
 56 -1100.0000 24.181 0.4100 0.1061E+03 0.0000E+00 -0.2496E+01 0.0000E+00 -1 -0.100E+00 20.00 0.1580E-02 0.0000E+00
 57 -1120.0000 25.710 0.4100 0.1061E+03 0.0000E+00 -0.2496E+01 0.0000E+00 -1 -0.100E+00 20.00 0.1326E-02 0.0000E+00
 58 -1140.0000 27.240 0.4100 0.1061E+03 0.0000E+00 -0.2496E+01 0.0000E+00 -1 -0.100E+00 20.00 0.1031E-02 0.0000E+00
 59 -1160.0000 28.769 0.4100 0.1061E+03 0.0000E+00 -0.2496E+01 0.0000E+00 -1 -0.100E+00 20.00 0.7470E-03 0.0000E+00
 60 -1180.0000 30.299 0.4100 0.1061E+03 0.0000E+00 -0.2496E+01 0.0000E+00 -1 -0.100E+00 20.00 0.5128E-03 0.0000E+00
 61 -1200.0000 31.828 0.4100 0.1061E+03 0.0000E+00 -0.2496E+01 0.0000E+00 -1 -0.100E+00 20.00 0.3066E-03 0.0000E+00
 62 -1220.0000 33.066 0.4300 0.2496E+02 0.0000E+00 -0.2496E+01 0.0000E+00 -1 -0.100E+00 20.00 0.2803E-03 0.0000E+00
 63 -1240.0000 33.066 0.4300 0.2496E+02 0.0000E+00 -0.2496E+01 0.0000E+00 -1 -0.100E+00 20.00 0.2585E-03 0.0000E+00
 64 -1260.0000 33.066 0.4300 0.2496E+02 0.0000E+00 -0.2496E+01 0.0000E+00 -1 -0.100E+00 20.00 0.2380E-03 0.0000E+00
 65 -1280.0000 33.066 0.4300 0.2496E+02 0.0000E+00 -0.2496E+01 0.0000E+00 -1 -0.100E+00 20.00 0.2186E-03 0.0000E+00
 66 -1300.0000 33.066 0.4300 0.2496E+02 0.0000E+00 -0.2496E+01 0.0000E+00 -1 -0.100E+00 20.00 0.2004E-03 0.0000E+00
 67 -1320.0000 33.066 0.4300 0.2496E+02 0.0000E+00 -0.2496E+01 0.0000E+00 -1 -0.100E+00 20.00 0.1833E-03 0.0000E+00
 68 -1340.0000 33.066 0.4300 0.2496E+02 0.0000E+00 -0.2496E+01 0.0000E+00 -1 -0.100E+00 20.00 0.1674E-03 0.0000E+00
 69 -1360.0000 33.066 0.4300 0.2496E+02 0.0000E+00 -0.2496E+01 0.0000E+00 -1 -0.100E+00 20.00 0.1525E-03 0.0000E+00
 70 -1380.0000 33.066 0.4300 0.2496E+02 0.0000E+00 -0.2496E+01 0.0000E+00 -1 -0.100E+00 20.00 0.1386E-03 0.0000E+00
 71 -1400.0000 33.066 0.4300 0.2496E+02 0.0000E+00 -0.2496E+01 0.0000E+00 -1 -0.100E+00 20.00 0.1257E-03 0.0000E+00
 72 -1420.0000 33.066 0.4300 0.2496E+02 0.0000E+00 -0.2496E+01 0.0000E+00 -1 -0.100E+00 20.00 0.1138E-03 0.0000E+00
 73 -1440.0000 33.066 0.4300 0.2496E+02 0.0000E+00 -0.2496E+01 0.0000E+00 -1 -0.100E+00 20.00 0.1028E-03 0.0000E+00
 74 -1460.0000 33.066 0.4300 0.2496E+02 0.0000E+00 -0.2496E+01 0.0000E+00 -1 -0.100E+00 20.00 0.9268E-04 0.0000E+00
 75 -1480.0000 33.066 0.4300 0.2496E+02 0.0000E+00 -0.2496E+01 0.0000E+00 -1 -0.100E+00 20.00 0.8336E-04 0.0000E+00
 76 -1500.0000 33.066 0.4300 0.2496E+02 0.0000E+00 -0.2496E+01 0.0000E+00 -1 -0.100E+00 20.00 0.7481E-04 0.0000E+00
 77 -1520.0000 33.066 0.4300 0.2496E+02 0.0000E+00 -0.2496E+01 0.0000E+00 -1 -0.100E+00 20.00 0.6699E-04 0.0000E+00
 78 -1540.0000 33.066 0.4300 0.2496E+02 0.0000E+00 -0.2496E+01 0.0000E+00 -1 -0.100E+00 20.00 0.5986E-04 0.0000E+00
 79 -1560.0000 33.066 0.4300 0.2496E+02 0.0000E+00 -0.2496E+01 0.0000E+00 -1 -0.100E+00 20.00 0.5336E-04 0.0000E+00
 80 -1580.0000 33.066 0.4300 0.2496E+02 0.0000E+00 -0.2496E+01 0.0000E+00 -1 -0.100E+00 20.00 0.4747E-04 0.0000E+00
 81 -1600.0000 33.066 0.4300 0.2496E+02 0.0000E+00 -0.2496E+01 0.0000E+00 -1 -0.100E+00 20.00 0.4213E-04 0.0000E+00
 82 -1620.0000 33.066 0.4300 0.2496E+02 0.0000E+00 -0.2496E+01 0.0000E+00 -1 -0.100E+00 20.00 0.3731E-04 0.0000E+00
 83 -1640.0000 33.066 0.4300 0.2496E+02 0.0000E+00 -0.2496E+01 0.0000E+00 -1 -0.100E+00 20.00 0.3296E-04 0.0000E+00
 84 -1660.0000 33.066 0.4300 0.2496E+02 0.0000E+00 -0.2496E+01 0.0000E+00 -1 -0.100E+00 20.00 0.2905E-04 0.0000E+00
 85 -1680.0000 33.066 0.4300 0.2496E+02 0.0000E+00 -0.2496E+01 0.0000E+00 -1 -0.100E+00 20.00 0.2555E-04 0.0000E+00
 86 -1700.0000 33.066 0.4300 0.2496E+02 0.0000E+00 -0.2496E+01 0.0000E+00 -1 -0.100E+00 20.00 0.2242E-04 0.0000E+00
 87 -1720.0000 33.066 0.4300 0.2496E+02 0.0000E+00 -0.2496E+01 0.0000E+00 -1 -0.100E+00 20.00 0.1962E-04 0.0000E+00
 88 -1740.0000 33.066 0.4300 0.2496E+02 0.0000E+00 -0.2496E+01 0.0000E+00 -1 -0.100E+00 20.00 0.1713E-04 0.0000E+00
 89 -1760.0000 33.066 0.4300 0.2496E+02 0.0000E+00 -0.2496E+01 0.0000E+00 -1 -0.100E+00 20.00 0.1493E-04 0.0000E+00
 90 -1780.0000 33.066 0.4300 0.2496E+02 0.0000E+00 -0.2496E+01 0.0000E+00 -1 -0.100E+00 20.00 0.1297E-04 0.0000E+00
 91 -1800.0000 33.066 0.4300 0.2496E+02 0.0000E+00 -0.2496E+01 0.0000E+00 -1 -0.100E+00 20.00 0.1125E-04 0.0000E+00
 92 -1820.0000 33.066 0.4300 0.2496E+02 0.0000E+00 -0.2496E+01 0.0000E+00 -1 -0.100E+00 20.00 0.9727E-05 0.0000E+00
 93 -1840.0000 33.066 0.4300 0.2496E+02 0.0000E+00 -0.2496E+01 0.0000E+00 -1 -0.100E+00 20.00 0.8393E-05 0.0000E+00
 94 -1860.0000 33.066 0.4300 0.2496E+02 0.0000E+00 -0.2496E+01 0.0000E+00 -1 -0.100E+00 20.00 0.7223E-05 0.0000E+00
 95 -1880.0000 33.066 0.4300 0.2496E+02 0.0000E+00 -0.2496E+01 0.0000E+00 -1 -0.100E+00 20.00 0.6202E-05 0.0000E+00
 96 -1900.0000 33.066 0.4300 0.2496E+02 0.0000E+00 -0.2496E+01 0.0000E+00 -1 -0.100E+00 20.00 0.5311E-05 0.0000E+00
 97 -1920.0000 33.066 0.4300 0.2496E+02 0.0000E+00 -0.2496E+01 0.0000E+00 -1 -0.100E+00 20.00 0.4537E-05 0.0000E+00
 98 -1940.0000 33.066 0.4300 0.2496E+02 0.0000E+00 -0.2496E+01 0.0000E+00 -1 -0.100E+00 20.00 0.3866E-05 0.0000E+00
 99 -1960.0000 33.066 0.4300 0.2496E+02 0.0000E+00 -0.2496E+01 0.0000E+00 -1 -0.100E+00 20.00 0.3286E-05 0.0000E+00
 100 -1980.0000 33.066 0.4300 0.2496E+02 0.0000E+00 -0.2496E+01 0.0000E+00 -1 -0.100E+00 20.00 0.2788E-05 0.0000E+00
 101 -2000.0000 33.066 0.4300 0.2496E+02 0.0000E+00 -0.2496E+01 0.0000E+00 -1 -0.100E+00 20.00 0.2788E-05 0.0000E+00
